126, 129: 1.0
36, 93: 0.973092697853
34, 93: 0.963746597575
36, 65: 0.956411754403
36, 101: 0.954088207691
34, 36: 0.953064827141
34, 101: 0.947292661882
93, 101: 0.945243691007
65, 101: 0.945138279438
65, 93: 0.939542130159
85, 97: 0.938036703214
25, 61: 0.937470594258
27, 48: 0.937035173912
27, 36: 0.931700271815
25, 36: 0.931392202011
25, 66: 0.93115080707
48, 101: 0.928254120121
40, 101: 0.927469082332
40, 65: 0.926964311734
74, 101: 0.924115549017
101, 128: 0.92067645644
27, 65: 0.920584297952
27, 101: 0.920162677314
25, 34: 0.919636686275
40, 48: 0.918906474687
36, 48: 0.917801031676
25, 93: 0.917204751414
34, 65: 0.915172676241
27, 40: 0.914869376445
25, 101: 0.914831966241
36, 128: 0.91423921243
34, 74: 0.913884348441
48, 72: 0.913343045837
74, 93: 0.909381041639
36, 40: 0.908146261506
27, 66: 0.907135257256
61, 93: 0.907130164697
52, 92: 0.907041791558
27, 93: 0.906712696489
93, 128: 0.903059011757
35, 36: 0.901894339797
40, 93: 0.901642992031
34, 35: 0.90127695615
36, 74: 0.900525232057
48, 65: 0.899518227855
27, 128: 0.899099832336
48, 93: 0.896576867241
40, 128: 0.89562148567
27, 34: 0.894108657488
34, 128: 0.893947395813
36, 42: 0.891486143778
35, 93: 0.89071957513
36, 66: 0.890421509954
34, 61: 0.888210166576
34, 48: 0.88715271179
42, 101: 0.886461330334
34, 92: 0.885620756478
65, 74: 0.885356543795
36, 61: 0.88409297493
35, 101: 0.883965161054
32, 66: 0.883748453119
27, 42: 0.883535500305
27, 72: 0.88323595011
36, 44: 0.881982072576
48, 74: 0.879683282572
27, 32: 0.879045017359
25, 65: 0.878714079767
30, 36: 0.878005629485
40, 74: 0.877986592351
42, 93: 0.87762869529
36, 39: 0.877122597983
61, 101: 0.876881613735
35, 65: 0.876690690647
65, 128: 0.876679701745
48, 66: 0.875723943652
42, 102: 0.875591886486
34, 42: 0.875574777611
25, 27: 0.875551910569
36, 92: 0.875436622916
92, 93: 0.875374945184
66, 101: 0.874416650314
61, 91: 0.8738676919
27, 99: 0.873836741904
25, 39: 0.873311192876
65, 66: 0.873062954804
34, 40: 0.873041066162
48, 128: 0.872613803305
39, 61: 0.870674998741
31, 61: 0.870631057775
34, 39: 0.868815928891
25, 85: 0.868362901981
42, 65: 0.86834739864
44, 93: 0.867697747507
32, 36: 0.867118799234
44, 101: 0.86685617983
72, 101: 0.866513062524
25, 128: 0.866148240724
34, 44: 0.865316431066
25, 92: 0.864681343014
25, 26: 0.86445700742
39, 46: 0.863824512256
44, 92: 0.863072176669
92, 101: 0.862805987396
32, 48: 0.862140109974
27, 35: 0.862088523544
39, 93: 0.862013394253
26, 84: 0.861705250327
66, 85: 0.861571363539
61, 66: 0.861505581456
26, 128: 0.861469649478
36, 85: 0.860735793712
32, 65: 0.859970803966
39, 101: 0.859655077636
74, 128: 0.859340847444
31, 66: 0.858677389496
25, 74: 0.857959326478
36, 102: 0.857870859039
48, 99: 0.857340090495
25, 97: 0.855637341868
85, 101: 0.854146581546
42, 48: 0.854112291361
66, 93: 0.854072325294
28, 85: 0.854019298272
52, 102: 0.852832110419
35, 42: 0.852752060207
24, 52: 0.852340232906
35, 48: 0.851078819195
30, 44: 0.850833196576
44, 65: 0.850487827512
32, 93: 0.850195263426
34, 66: 0.850040499031
74, 92: 0.849843613159
84, 85: 0.849492198371
27, 92: 0.849487445694
36, 97: 0.848720477616
24, 92: 0.848380852849
25, 48: 0.848288730184
30, 93: 0.847838116534
30, 101: 0.847213254931
44, 128: 0.847197455408
32, 46: 0.846059126611
40, 72: 0.845637857909
30, 65: 0.845374347575
42, 74: 0.84487382503
34, 52: 0.844540815571
97, 101: 0.843798596171
46, 65: 0.843060924914
27, 85: 0.842577248756
25, 42: 0.842551168966
36, 84: 0.842091098151
66, 99: 0.841130125333
34, 102: 0.840972696669
40, 66: 0.840661979154
93, 102: 0.840530397779
27, 74: 0.84035478081
32, 101: 0.840070721319
101, 102: 0.839973781992
25, 44: 0.839949785912
32, 40: 0.839892049317
25, 32: 0.83950753461
25, 102: 0.839397321732
42, 66: 0.838942525267
61, 65: 0.838616389114
26, 101: 0.838536076734
34, 97: 0.838232634636
65, 84: 0.838185919463
65, 85: 0.83787739775
35, 39: 0.837243407453
36, 52: 0.837168497859
35, 40: 0.836950228359
44, 84: 0.836933173097
78, 102: 0.836860897715
35, 66: 0.836736802241
74, 102: 0.83671504103
25, 29: 0.836520456708
27, 44: 0.836409099539
36, 46: 0.836218156541
65, 72: 0.83593875288
66, 97: 0.834806618935
66, 102: 0.83476131531
99, 101: 0.834685599074
46, 61: 0.83413181957
27, 102: 0.834131161952
25, 31: 0.834111548164
39, 65: 0.833915846068
61, 128: 0.832864591377
82, 97: 0.832746440422
65, 92: 0.83244453201
36, 72: 0.832231468744
84, 97: 0.832169296383
27, 39: 0.832129282595
25, 91: 0.831917999493
46, 93: 0.831073266964
25, 84: 0.830659949182
42, 99: 0.830651753955
32, 61: 0.830561961793
35, 102: 0.830542089429
42, 78: 0.82991763015
29, 66: 0.829822930874
65, 102: 0.829635585829
92, 128: 0.829507927944
27, 30: 0.829484312057
26, 36: 0.829404631398
28, 66: 0.829382338956
46, 101: 0.828940774301
25, 40: 0.828412527244
44, 74: 0.827832548179
82, 85: 0.827148097798
30, 48: 0.82605010754
85, 93: 0.826006145875
48, 102: 0.825393756767
34, 85: 0.824874972021
30, 35: 0.824805591241
66, 128: 0.824261873672
35, 128: 0.823917864588
25, 46: 0.823653262385
39, 66: 0.823468178863
28, 97: 0.823460189077
25, 35: 0.823279674514
84, 101: 0.822740845529
26, 66: 0.822681818245
66, 72: 0.82232654696
72, 74: 0.822168125053
29, 42: 0.822157106475
31, 46: 0.821597854374
25, 78: 0.821063367036
61, 74: 0.820609782033
52, 101: 0.820388434483
30, 40: 0.820188307901
31, 65: 0.81998997925
30, 34: 0.819954144713
32, 34: 0.81957636838
40, 42: 0.819316497507
29, 78: 0.818923827864
71, 79: 0.818384027336
93, 99: 0.81830086368
65, 89: 0.818208439515
27, 97: 0.818093019943
36, 99: 0.81801768649
20, 77: 0.817853941103
85, 128: 0.817724457423
102, 128: 0.817631468486
42, 128: 0.816731682233
64, 101: 0.816697863535
42, 72: 0.816521166964
52, 93: 0.816370835328
25, 52: 0.816243104153
66, 84: 0.815950355518
26, 61: 0.815666025031
48, 92: 0.815568040938
26, 44: 0.815542690792
65, 97: 0.815520025338
66, 78: 0.81543602989
44, 52: 0.815231869438
40, 61: 0.815049239519
99, 128: 0.814497317501
27, 61: 0.81443900454
35, 74: 0.814422044884
35, 46: 0.81408912737
24, 36: 0.813752798745
31, 36: 0.81364427232
27, 75: 0.813533109374
27, 84: 0.813183196966
72, 99: 0.813095482735
34, 99: 0.812732367902
40, 75: 0.812012986847
31, 64: 0.811959442336
93, 97: 0.811874420809
89, 101: 0.811821036203
25, 79: 0.811650414485
89, 128: 0.811614236405
27, 52: 0.811165180181
26, 92: 0.81111786275
40, 99: 0.810786346988
29, 35: 0.81061714494
26, 85: 0.810224900193
25, 28: 0.810146710815
65, 99: 0.810037570196
34, 72: 0.809960168242
34, 46: 0.809845317974
30, 128: 0.809799873283
66, 79: 0.809719826922
29, 34: 0.809511066495
92, 102: 0.809362080673
32, 39: 0.809152018748
72, 128: 0.80898260574
32, 72: 0.808899274963
24, 101: 0.808895185138
84, 93: 0.808629603267
35, 92: 0.808480415199
40, 44: 0.808450315016
30, 42: 0.808116735864
61, 85: 0.808057749191
52, 65: 0.807364300839
37, 44: 0.806976649572
71, 78: 0.806950998045
33, 85: 0.806470707658
46, 66: 0.806167303161
78, 105: 0.805952427937
26, 34: 0.805601989846
26, 93: 0.805370541722
71, 105: 0.80513293603
25, 64: 0.805132478176
31, 101: 0.804712881081
61, 102: 0.804678852615
20, 52: 0.804393848072
34, 89: 0.803411848682
29, 36: 0.803142274415
31, 78: 0.802824241919
39, 40: 0.80231048751
72, 93: 0.802191267257
30, 92: 0.802183735032
85, 91: 0.802017310795
24, 102: 0.801945882943
36, 89: 0.801821975631
24, 34: 0.801737940805
35, 85: 0.801706464919
48, 61: 0.801479238157
34, 84: 0.801216783883
40, 84: 0.800306468364
51, 95: 0.800146510395
30, 74: 0.799773193083
35, 61: 0.799746814599
85, 99: 0.799146976952
52, 74: 0.799063692387
32, 85: 0.79897747062
61, 92: 0.798397199327
52, 128: 0.797967824182
66, 92: 0.797525472215
64, 65: 0.797326713366
30, 77: 0.796401443059
26, 27: 0.796135898763
29, 102: 0.795885831629
52, 79: 0.795534388775
64, 66: 0.795479138444
66, 91: 0.795357797311
84, 128: 0.795028842924
48, 78: 0.795016788094
91, 93: 0.794812824251
42, 52: 0.794715227168
20, 80: 0.794679220772
27, 46: 0.794342196889
81, 96: 0.793944350651
44, 48: 0.793636372443
28, 84: 0.792955556128
39, 92: 0.79294134964
29, 39: 0.792429834809
42, 44: 0.792321532488
26, 28: 0.791801053656
39, 74: 0.79168333787
61, 64: 0.791500911793
25, 60: 0.791312062149
84, 104: 0.791270885186
46, 74: 0.791099905323
61, 97: 0.790656468037
24, 65: 0.790578475211
40, 46: 0.790414964471
35, 52: 0.790382709083
72, 102: 0.790292864581
82, 84: 0.790195072176
31, 93: 0.789868171897
52, 103: 0.789443229103
36, 64: 0.789345224616
27, 89: 0.789322775538
24, 35: 0.789267261612
97, 128: 0.789105137331
26, 65: 0.788782097287
31, 35: 0.788662992815
46, 48: 0.788426497159
27, 29: 0.788198919892
29, 101: 0.787910581995
46, 64: 0.787892080745
61, 78: 0.787878498049
78, 79: 0.787717638934
36, 91: 0.787189726357
32, 74: 0.787046196491
29, 79: 0.786908886076
24, 27: 0.786899909639
32, 42: 0.786545434101
25, 99: 0.786504354986
80, 92: 0.786454661556
39, 48: 0.786416879679
99, 102: 0.78638892015
20, 92: 0.786025925649
85, 89: 0.785970880283
74, 78: 0.785641998049
66, 74: 0.7853279402
35, 72: 0.785178712811
24, 103: 0.785145857733
52, 80: 0.78508769439
27, 78: 0.784819497735
40, 92: 0.784818822037
26, 104: 0.784814233016
31, 84: 0.784384334731
26, 40: 0.784261846846
26, 86: 0.78417695507
31, 91: 0.784074884437
40, 64: 0.784069866586
25, 71: 0.784010322442
29, 74: 0.783887799
25, 30: 0.78330225812
61, 84: 0.782993803385
48, 85: 0.782987580505
66, 71: 0.782805214698
33, 97: 0.782214760015
40, 102: 0.782202504786
31, 34: 0.782017422773
28, 36: 0.782003964684
29, 52: 0.781800843928
31, 32: 0.781517675044
35, 44: 0.780791997309
40, 85: 0.780762706428
31, 33: 0.780632561609
78, 101: 0.780125907818
29, 93: 0.780019870971
79, 102: 0.779873977077
24, 128: 0.77949477001
39, 97: 0.779367771366
77, 101: 0.779022519723
32, 128: 0.778884442536
37, 42: 0.778776143922
31, 71: 0.778544601976
39, 42: 0.778342164908
89, 93: 0.778268224165
33, 66: 0.778045437509
75, 99: 0.7774155733
35, 97: 0.777275735773
42, 92: 0.777036908788
75, 101: 0.776913056915
40, 89: 0.776803641915
48, 64: 0.776747005962
26, 32: 0.77657867522
39, 128: 0.776013029996
30, 37: 0.775810494379
60, 92: 0.775712965082
71, 84: 0.775655696546
24, 77: 0.775505163275
28, 82: 0.77493128399
24, 93: 0.774898940585
29, 48: 0.774591692091
42, 79: 0.77381772031
77, 92: 0.773553952348
46, 85: 0.773460709179
65, 91: 0.773058261288
27, 31: 0.772893536738
52, 105: 0.77250870613
34, 78: 0.772077993027
31, 39: 0.772003153745
66, 105: 0.771947469572
39, 85: 0.771798949153
42, 61: 0.771731360559
65, 77: 0.771536226118
30, 52: 0.771533475536
35, 89: 0.771195928658
31, 40: 0.771047843113
30, 66: 0.770967753598
39, 64: 0.770956970793
36, 78: 0.770350337095
29, 65: 0.770259354127
82, 103: 0.770112093455
52, 66: 0.769958211396
47, 67: 0.769903426368
35, 77: 0.769807722584
48, 52: 0.769789863355
24, 74: 0.76964499785
24, 60: 0.769465381028
28, 128: 0.769379353542
89, 97: 0.768341462808
59, 91: 0.767662666202
36, 77: 0.767656876694
97, 99: 0.767575358423
31, 85: 0.767570819638
46, 84: 0.76751633063
52, 71: 0.767360817718
44, 66: 0.767244393465
60, 61: 0.767203159735
58, 85: 0.766990871457
24, 44: 0.766639886115
42, 80: 0.766510618556
32, 97: 0.766458717587
48, 97: 0.766356202743
102, 105: 0.766246788756
78, 128: 0.766170726682
35, 84: 0.765545407977
35, 99: 0.765500714861
65, 75: 0.765317613796
72, 78: 0.765080372586
64, 93: 0.765044730924
25, 105: 0.765021327279
52, 84: 0.764816220659
91, 101: 0.764585785675
33, 36: 0.764578954861
34, 91: 0.764260153903
75, 89: 0.763984473102
30, 84: 0.763782544549
27, 80: 0.763517882847
27, 28: 0.763474001192
26, 74: 0.76343735722
27, 91: 0.762792325546
28, 101: 0.762632630826
28, 35: 0.762608298794
32, 91: 0.762380451366
32, 102: 0.762012108694
32, 84: 0.761790922923
26, 97: 0.761507087468
58, 101: 0.761194751091
29, 46: 0.761085589502
64, 95: 0.761058567932
39, 84: 0.760860186746
26, 39: 0.760590738657
44, 85: 0.760574926031
31, 48: 0.760559865105
25, 72: 0.76033844024
33, 128: 0.760209860069
81, 99: 0.759435603055
34, 64: 0.759418003084
20, 101: 0.759366924868
52, 77: 0.759297332745
20, 42: 0.759150194452
46, 91: 0.758911093806
29, 105: 0.758848841422
29, 92: 0.758712432713
39, 91: 0.758514931094
31, 102: 0.758282885757
48, 84: 0.758010146848
27, 81: 0.757954802866
89, 99: 0.757690947896
34, 60: 0.757416066404
26, 82: 0.75701365143
39, 102: 0.756670733947
36, 75: 0.756412462033
78, 93: 0.756330341395
29, 85: 0.755849097432
31, 72: 0.755759310781
32, 35: 0.75548238954
91, 102: 0.755158574037
20, 27: 0.754919892437
29, 30: 0.754450622626
26, 30: 0.754309531438
42, 75: 0.754066000703
36, 80: 0.753911267865
24, 25: 0.753818494031
36, 79: 0.753568252976
79, 105: 0.753563454496
44, 77: 0.753417481651
30, 39: 0.752845295628
80, 93: 0.752812161892
64, 74: 0.752187699906
40, 96: 0.752014807043
48, 77: 0.751743796974
27, 77: 0.75142477421
58, 97: 0.751172968095
34, 80: 0.750529219699
44, 61: 0.7503196906
42, 85: 0.750116689525
92, 105: 0.750086842933
80, 101: 0.7500414887
35, 78: 0.749838028483
26, 48: 0.749814790841
33, 93: 0.749704081415
26, 52: 0.749143278607
31, 128: 0.748999638981
44, 102: 0.748791134206
79, 92: 0.748242369381
75, 128: 0.748091449362
24, 48: 0.747986733695
48, 58: 0.747411937181
31, 42: 0.747363529709
33, 99: 0.747282550359
80, 102: 0.747194222765
27, 79: 0.746812824872
96, 128: 0.746684830409
71, 102: 0.746637731062
57, 72: 0.74644161979
74, 85: 0.746045206343
28, 34: 0.745915601364
65, 71: 0.745893039905
29, 32: 0.745846534582
20, 36: 0.745757899391
77, 128: 0.745441061283
44, 81: 0.744845164637
32, 99: 0.744832839377
78, 91: 0.744672383644
42, 89: 0.744622706567
64, 128: 0.744220042172
60, 74: 0.744177196206
29, 97: 0.744157173857
30, 102: 0.743954103572
25, 33: 0.743736541851
39, 44: 0.743645792746
33, 65: 0.743477669217
72, 85: 0.743428538762
31, 97: 0.743414655636
46, 102: 0.743343604367
84, 92: 0.743322310584
25, 89: 0.743279817397
20, 48: 0.74274951933
77, 80: 0.742691370068
20, 34: 0.742687754027
61, 72: 0.742675574389
31, 59: 0.742642622915
46, 72: 0.742597789784
26, 89: 0.742193392672
37, 48: 0.741675156455
44, 97: 0.741567059287
39, 72: 0.740917759466
29, 71: 0.740457741224
75, 102: 0.740082744305
60, 86: 0.740015386833
74, 99: 0.739956513536
28, 65: 0.739912559074
60, 101: 0.739835259747
72, 81: 0.739832823562
71, 93: 0.739664229088
40, 91: 0.739663264978
28, 92: 0.73947141085
77, 93: 0.739398418687
66, 75: 0.739174943738
91, 97: 0.739109935005
36, 71: 0.738714561702
33, 61: 0.738648780086
48, 75: 0.738143352401
37, 101: 0.737706902035
40, 52: 0.737697120918
72, 96: 0.737680796426
26, 79: 0.737458981371
40, 78: 0.73736663936
74, 105: 0.737140996908
40, 97: 0.737135956897
35, 64: 0.73699791597
75, 93: 0.736967866326
30, 72: 0.736683359705
61, 71: 0.736582503595
32, 79: 0.736569138989
27, 37: 0.736333646083
24, 40: 0.73626404872
72, 92: 0.736119117376
20, 65: 0.736093580625
32, 64: 0.736061918244
72, 97: 0.735940957118
39, 58: 0.735938812788
74, 84: 0.735755319494
20, 35: 0.73533306435
34, 77: 0.7353182373
27, 57: 0.735052921267
36, 82: 0.734881568186
48, 81: 0.734863796061
79, 101: 0.734861469687
37, 52: 0.73478862216
44, 99: 0.734682822244
36, 58: 0.734345105263
82, 101: 0.734316612729
20, 79: 0.733765736054
52, 61: 0.733407106192
61, 99: 0.733327366325
65, 78: 0.73321061635
20, 102: 0.732988095867
71, 101: 0.732830120486
40, 81: 0.732788363416
40, 77: 0.732531724918
28, 33: 0.732309095047
27, 58: 0.73193199714
24, 66: 0.731712062135
66, 89: 0.731649518496
48, 57: 0.731604250249
34, 71: 0.731539655974
82, 92: 0.731474664553
42, 97: 0.731420606775
20, 28: 0.731333620361
27, 33: 0.731070580793
32, 75: 0.730717988529
29, 61: 0.730572399501
46, 71: 0.730530734912
26, 60: 0.73013636799
52, 60: 0.730049210075
42, 84: 0.729840565677
31, 74: 0.729116351003
28, 99: 0.729033729102
61, 79: 0.72901617557
91, 128: 0.728925622871
47, 79: 0.728752559326
74, 97: 0.728522151213
46, 97: 0.728425238604
32, 92: 0.728385491078
74, 91: 0.728134575101
79, 80: 0.728032959915
27, 82: 0.72781474437
36, 60: 0.727512312751
81, 101: 0.727274147939
62, 77: 0.72661979889
48, 96: 0.726538921233
29, 31: 0.726522746398
83, 99: 0.726482966708
27, 64: 0.726208379501
65, 80: 0.726194231395
46, 78: 0.72591858294
44, 72: 0.72584315875
48, 79: 0.72558354757
42, 71: 0.725373453304
30, 71: 0.725335402957
36, 37: 0.725091514312
74, 80: 0.724903663362
52, 99: 0.724895924156
52, 82: 0.72481255822
33, 101: 0.724759586769
60, 93: 0.723605805242
61, 89: 0.723537608324
25, 104: 0.723228617641
48, 71: 0.723054954173
46, 128: 0.722792499092
25, 82: 0.722542388597
28, 52: 0.722366497471
42, 46: 0.72210732184
25, 58: 0.722073441372
32, 78: 0.721842705851
72, 84: 0.721831848018
28, 77: 0.721657802239
24, 30: 0.72115980294
83, 89: 0.721054170763
61, 95: 0.72085501834
36, 104: 0.720778810546
89, 102: 0.720537732742
32, 57: 0.720387660182
37, 65: 0.720182365398
71, 92: 0.720159542134
31, 49: 0.720123387592
25, 80: 0.720083150527
79, 93: 0.720059343256
58, 72: 0.720055437694
66, 77: 0.719850386851
48, 95: 0.719600994652
24, 26: 0.719583403746
28, 93: 0.719429927593
85, 102: 0.719278787649
28, 91: 0.719131159402
24, 32: 0.718988564947
77, 102: 0.718930941097
85, 92: 0.718746374407
78, 85: 0.718715591
58, 128: 0.718211438212
21, 97: 0.717903933821
26, 31: 0.717884455295
26, 42: 0.717880508981
30, 31: 0.717455284489
32, 89: 0.71745419896
20, 93: 0.717361117401
74, 77: 0.717296202536
72, 89: 0.717215547553
24, 61: 0.71702274516
34, 79: 0.716802389979
24, 46: 0.716642824194
48, 80: 0.716437218129
74, 89: 0.716415676698
92, 99: 0.716268423222
37, 74: 0.715945621907
78, 99: 0.715774967497
28, 79: 0.715697373512
80, 89: 0.715683321509
92, 97: 0.715594404828
35, 80: 0.71559329865
93, 105: 0.715395007461
32, 62: 0.715172833432
80, 105: 0.715087210648
35, 91: 0.715070628987
50, 52: 0.714973199026
32, 82: 0.714966322534
34, 82: 0.71485387699
28, 48: 0.714785381859
65, 79: 0.714693751139
93, 95: 0.714688630806
48, 89: 0.714529037644
104, 128: 0.714373864857
89, 92: 0.714271805725
27, 71: 0.714199540146
37, 72: 0.714151788702
30, 81: 0.713637958103
28, 44: 0.713631785534
27, 96: 0.7134187955
44, 60: 0.713285975918
101, 105: 0.713240713569
57, 66: 0.713100581252
26, 35: 0.712974716203
34, 58: 0.712184289809
52, 78: 0.711862376697
52, 97: 0.711802619327
29, 72: 0.711663996506
24, 62: 0.711659200506
73, 89: 0.711600393745
42, 105: 0.711373642164
66, 82: 0.711232350102
46, 92: 0.711106201904
24, 39: 0.710606907616
83, 128: 0.710457196702
92, 103: 0.710289060449
37, 93: 0.710139125717
39, 52: 0.710048924122
29, 44: 0.709806500586
81, 128: 0.709798924984
44, 89: 0.709739986058
44, 46: 0.709639341389
96, 99: 0.709636332931
44, 82: 0.709599246525
71, 74: 0.709574484298
57, 84: 0.709364602743
50, 77: 0.708988834354
29, 128: 0.708924239106
33, 78: 0.708799875883
24, 80: 0.708480398246
59, 98: 0.708323089977
71, 95: 0.708307764511
60, 64: 0.708298199514
20, 24: 0.7081805746
27, 38: 0.708177142632
39, 78: 0.707936344342
65, 104: 0.707786832227
30, 105: 0.707706696729
61, 105: 0.707657530224
33, 48: 0.707620084364
28, 89: 0.707444341631
58, 82: 0.707222169697
33, 91: 0.707072515948
35, 75: 0.706964590993
30, 46: 0.706843364451
58, 66: 0.706643807398
24, 89: 0.706599670761
20, 25: 0.70655187372
80, 128: 0.706404296333
96, 101: 0.705904199342
28, 61: 0.705883225001
33, 35: 0.705638220862
26, 49: 0.705192035284
40, 95: 0.705186843652
34, 75: 0.705178586147
28, 102: 0.705119511799
21, 89: 0.704916531333
20, 99: 0.704847894581
65, 82: 0.704449047044
39, 89: 0.70399102938
79, 84: 0.703921076695
27, 105: 0.703892081948
82, 128: 0.703791012135
79, 85: 0.703778339267
34, 37: 0.703712737232
31, 89: 0.703616187864
65, 95: 0.703538578136
24, 42: 0.703464435679
21, 66: 0.703347708186
60, 128: 0.703239501856
32, 44: 0.702913738557
20, 89: 0.702699180705
75, 91: 0.702659726696
24, 86: 0.702654109326
36, 105: 0.702472296656
23, 129: 0.702470321534
23, 126: 0.702470321534
51, 61: 0.702259836365
78, 80: 0.702170805165
35, 105: 0.701906094952
29, 37: 0.701826947865
30, 85: 0.70148753628
25, 95: 0.701445337105
83, 101: 0.701294745607
21, 85: 0.700884815492
20, 128: 0.70084574172
52, 85: 0.700526753406
26, 105: 0.700498882771
30, 99: 0.700387626514
61, 104: 0.700078276199
42, 91: 0.700026655704
95, 101: 0.699925608631
86, 104: 0.699870214789
91, 99: 0.699747108007
60, 95: 0.699717772194
21, 58: 0.699681639634
56, 63: 0.699448650202
38, 101: 0.699373810306
30, 80: 0.698840180543
71, 77: 0.698830872153
97, 104: 0.69820213745
25, 77: 0.697973443919
66, 104: 0.697645036022
80, 99: 0.697504632116
30, 61: 0.697485431099
103, 128: 0.697178671853
59, 61: 0.696941658453
44, 104: 0.696644532221
35, 79: 0.696432512544
39, 82: 0.696353880558
34, 105: 0.696265435018
37, 128: 0.695896661211
36, 95: 0.695741448805
36, 103: 0.695493074641
20, 40: 0.695051721179
83, 103: 0.694994549445
28, 31: 0.694992069976
77, 99: 0.694986908974
20, 66: 0.694772498349
35, 37: 0.694757789359
29, 58: 0.694570262737
28, 30: 0.694551264664
30, 64: 0.694539991191
31, 105: 0.694491561759
44, 73: 0.694142867252
25, 75: 0.693986214707
36, 38: 0.6939844758
28, 29: 0.692809834726
84, 99: 0.69272489366
30, 32: 0.692694403743
62, 66: 0.692604717477
84, 89: 0.692420897054
20, 44: 0.692370080532
42, 83: 0.692319868643
60, 84: 0.692235225506
62, 64: 0.691897641533
36, 83: 0.69177336015
34, 83: 0.69163820933
78, 127: 0.691615934976
101, 103: 0.69150592295
26, 99: 0.691013848929
44, 103: 0.690695873676
25, 51: 0.690472864444
52, 83: 0.690339967814
58, 65: 0.690255562186
37, 81: 0.690152741612
37, 92: 0.689914849092
40, 60: 0.689598833964
36, 81: 0.68959096091
48, 105: 0.689338537408
27, 83: 0.689030606391
22, 24: 0.688960615867
82, 89: 0.688884699295
28, 104: 0.688804035536
33, 34: 0.688791118784
26, 77: 0.688706400019
32, 52: 0.688489463779
38, 65: 0.688261104854
20, 30: 0.688012053483
26, 46: 0.687832161304
28, 39: 0.687686152671
84, 100: 0.6875089807
60, 65: 0.687470173728
34, 81: 0.687296627033
37, 99: 0.687075633657
37, 102: 0.686940588301
32, 71: 0.686901013127
77, 85: 0.686821596721
64, 72: 0.686787735119
105, 128: 0.686606431071
28, 40: 0.686584929445
39, 99: 0.686546715845
81, 93: 0.686507581921
73, 101: 0.6862807316
67, 71: 0.686243880991
33, 42: 0.686155750089
80, 85: 0.686096185434
38, 48: 0.68607895262
24, 28: 0.685888837116
52, 72: 0.685689268178
60, 66: 0.685679316135
39, 75: 0.685182911939
40, 80: 0.685106748896
29, 84: 0.685095981474
31, 79: 0.684922825171
58, 81: 0.684918186413
37, 84: 0.684780284165
82, 93: 0.684733191402
27, 104: 0.684615800077
58, 93: 0.684540228014
51, 71: 0.684518891368
64, 102: 0.684464925716
39, 60: 0.68442670301
24, 82: 0.684355996072
65, 105: 0.684284027163
30, 79: 0.684171069915
44, 71: 0.683999668898
46, 51: 0.683742701835
49, 84: 0.683678105735
74, 95: 0.683617181593
24, 79: 0.683614488415
24, 72: 0.683506727848
38, 44: 0.683477393657
89, 103: 0.683384576931
78, 92: 0.6831379899
82, 104: 0.683061653976
50, 99: 0.683031962093
101, 104: 0.682793398849
29, 33: 0.682765775175
46, 60: 0.682752683781
44, 57: 0.682625889437
48, 91: 0.682568915251
69, 97: 0.682471460866
36, 96: 0.682462285598
28, 42: 0.682376685239
35, 71: 0.682368617195
44, 79: 0.682363535767
77, 79: 0.682105861002
26, 91: 0.681796612349
44, 80: 0.68174895332
72, 75: 0.681453235592
66, 80: 0.681107631911
31, 62: 0.681088141082
29, 40: 0.681078278345
35, 58: 0.68104173699
77, 103: 0.681038728824
89, 91: 0.681012952687
49, 128: 0.680928390772
40, 58: 0.680894915686
33, 84: 0.680835644787
29, 99: 0.680623176685
30, 78: 0.68049090364
24, 105: 0.680438009038
86, 92: 0.6803194785
26, 71: 0.680169135354
40, 71: 0.680048451018
91, 92: 0.680037499816
52, 89: 0.679939536963
50, 103: 0.679916613144
28, 58: 0.679596449207
41, 84: 0.67955467354
58, 64: 0.679552780936
29, 64: 0.679426081823
48, 82: 0.679407987887
35, 82: 0.679302372666
31, 51: 0.678540746549
97, 102: 0.678396300123
77, 89: 0.678331116525
61, 86: 0.677971234504
26, 72: 0.677860828796
78, 84: 0.677821957075
58, 99: 0.677720418598
20, 71: 0.677611317114
40, 57: 0.677484688862
30, 95: 0.677466562435
44, 96: 0.677441922075
32, 33: 0.677252401722
47, 52: 0.677196603738
37, 40: 0.67696614702
64, 91: 0.676957093483
84, 102: 0.676855697639
31, 99: 0.676851109298
46, 95: 0.676748601325
61, 75: 0.67656934969
28, 78: 0.676437499561
27, 103: 0.676420766414
37, 71: 0.676339081651
47, 71: 0.676064630668
30, 49: 0.676005743476
31, 77: 0.675754144253
44, 75: 0.675662098752
33, 40: 0.675537393535
32, 60: 0.675527711865
75, 83: 0.675218141332
26, 64: 0.675190360361
77, 84: 0.675032505363
44, 64: 0.675025722035
24, 84: 0.674963234417
34, 104: 0.674637544992
67, 79: 0.674136772553
84, 91: 0.673401373725
64, 85: 0.673267721746
31, 95: 0.673098596508
26, 102: 0.672847081716
38, 97: 0.672811064212
30, 38: 0.672749577904
78, 97: 0.672144686344
72, 77: 0.672068501862
86, 128: 0.672026918356
46, 82: 0.671891255295
69, 82: 0.671363974929
28, 105: 0.671180601667
75, 80: 0.670993883446
38, 40: 0.670923201607
26, 80: 0.670904393467
75, 96: 0.670777794862
79, 128: 0.670733666409
69, 85: 0.670706089142
26, 33: 0.670495594054
61, 82: 0.670351316906
46, 58: 0.670240130106
60, 102: 0.67008234973
45, 86: 0.669859896123
33, 58: 0.669681939865
34, 103: 0.669657226084
38, 85: 0.669323087315
83, 93: 0.669265306836
40, 83: 0.669030662625
24, 64: 0.668828622995
49, 66: 0.668485507918
41, 94: 0.668372064776
48, 60: 0.668116556632
74, 127: 0.668050766977
21, 25: 0.667962034701
57, 93: 0.667871660885
39, 71: 0.66775182951
25, 49: 0.667740332151
60, 104: 0.667656447026
46, 57: 0.66760251782
31, 104: 0.667558045371
86, 101: 0.667332639856
58, 61: 0.66732943341
61, 80: 0.667130141662
25, 86: 0.667108599538
24, 29: 0.666847489655
84, 105: 0.66666415148
97, 103: 0.666644640888
57, 71: 0.665871580816
64, 84: 0.665251944045
62, 65: 0.664832706335
26, 62: 0.664794159961
33, 39: 0.664698755293
25, 127: 0.664683346619
33, 72: 0.664632433493
65, 83: 0.664626100074
65, 81: 0.664610855642
49, 79: 0.664362159647
36, 62: 0.664117847065
52, 104: 0.663818285539
46, 89: 0.663808620539
77, 81: 0.663629307664
20, 62: 0.6635647527
20, 75: 0.663457813041
75, 85: 0.663365165557
80, 91: 0.663162713331
46, 105: 0.663147870598
40, 105: 0.663056080998
92, 104: 0.662804236469
74, 79: 0.662643782457
42, 77: 0.662448366105
46, 75: 0.661995322711
51, 93: 0.661683928266
57, 65: 0.661641745171
38, 39: 0.661532610743
24, 37: 0.661126330142
27, 60: 0.660827118546
31, 58: 0.660702185815
127, 128: 0.660634170898
22, 37: 0.660565355864
24, 85: 0.660522773224
47, 104: 0.66007566086
62, 101: 0.659837594698
26, 67: 0.659801970075
102, 103: 0.659709806584
30, 33: 0.659569168584
29, 82: 0.65945467812
30, 89: 0.659439316688
69, 80: 0.659394470088
24, 91: 0.659246521019
24, 31: 0.659192898799
20, 74: 0.659094384073
61, 67: 0.658936906627
26, 78: 0.658809279672
32, 58: 0.658731546262
44, 100: 0.6586409329
60, 105: 0.658572300171
32, 104: 0.658358989395
30, 97: 0.658031424341
75, 81: 0.657897490741
71, 99: 0.65771979088
21, 75: 0.65765416113
22, 102: 0.657215124487
21, 36: 0.656884625433
77, 82: 0.656681273537
58, 92: 0.656572074603
67, 87: 0.656524628623
47, 92: 0.656489370644
92, 95: 0.65645366017
74, 75: 0.656302171121
25, 59: 0.656238540614
58, 102: 0.655945555106
50, 92: 0.655735955423
85, 104: 0.655387773381
56, 96: 0.655376751369
26, 45: 0.655024263633
69, 79: 0.65496686066
24, 83: 0.654850941412
24, 50: 0.654844120388
77, 96: 0.654834163236
36, 57: 0.654812464868
20, 72: 0.654728094801
40, 104: 0.654712979864
83, 102: 0.654621945411
74, 82: 0.654608293037
35, 103: 0.654447315037
25, 62: 0.65432503719
49, 65: 0.654147780286
60, 71: 0.653876544457
57, 61: 0.653722712454
60, 82: 0.653661507303
48, 62: 0.653566104107
20, 97: 0.653531987646
31, 60: 0.653500154916
52, 75: 0.6534076739
47, 102: 0.653373545864
26, 29: 0.653289008705
89, 104: 0.653013240231
42, 64: 0.652235983042
57, 101: 0.652213797988
66, 95: 0.652081163644
65, 96: 0.652072102097
46, 77: 0.652026366362
73, 92: 0.652025023475
49, 98: 0.65200730521
42, 81: 0.651918626543
51, 64: 0.651733293638
49, 71: 0.651680806588
21, 39: 0.651663190882
28, 32: 0.651206374875
85, 103: 0.651105035689
49, 104: 0.651099506833
28, 71: 0.651074103653
34, 95: 0.651062228304
28, 72: 0.651055755919
79, 91: 0.651006386445
51, 60: 0.650977426565
64, 92: 0.650962642442
39, 105: 0.650935780032
61, 127: 0.650854972498
20, 83: 0.650778107212
46, 67: 0.650774715205
36, 49: 0.650531347827
30, 96: 0.650336535413
36, 86: 0.650112682368
79, 97: 0.650084145826
21, 27: 0.649871466322
65, 103: 0.649655875569
64, 87: 0.649400003588
59, 66: 0.649380072593
58, 84: 0.648872205322
93, 96: 0.648828863704
34, 73: 0.648682973404
25, 57: 0.648626446618
34, 50: 0.648597897271
37, 77: 0.648590806887
72, 80: 0.648569960008
32, 105: 0.648550023694
38, 128: 0.648542799512
31, 92: 0.64833757261
38, 93: 0.648220445509
39, 104: 0.648013835642
39, 79: 0.647963996437
64, 97: 0.64778763283
31, 52: 0.64772254809
61, 77: 0.647566916166
21, 65: 0.647519784832
36, 51: 0.647474536493
42, 58: 0.64741065204
71, 128: 0.647394871251
57, 67: 0.647353322005
69, 76: 0.647288445053
70, 82: 0.646832684481
40, 82: 0.64682120576
93, 104: 0.646788167626
75, 77: 0.646730703018
71, 80: 0.646694780929
71, 85: 0.64661137784
72, 82: 0.646448991547
49, 61: 0.646429198661
33, 105: 0.64611709111
34, 96: 0.646019748669
57, 99: 0.646005510804
71, 91: 0.645907201605
82, 100: 0.645669822414
84, 86: 0.645665234968
66, 96: 0.645352417511
24, 45: 0.645298083347
20, 78: 0.645248703998
64, 78: 0.645201096953
59, 77: 0.645167444386
33, 49: 0.645129358442
57, 74: 0.645098792826
99, 103: 0.644972579119
58, 74: 0.644666392126
93, 127: 0.64465411493
33, 89: 0.644622142477
73, 128: 0.644508025879
20, 85: 0.644386978534
79, 99: 0.644109431525
27, 62: 0.644099358317
22, 128: 0.643310982568
28, 80: 0.643204508681
59, 96: 0.643167386559
73, 93: 0.642904037655
30, 58: 0.642892455427
21, 33: 0.642737402574
59, 105: 0.642697372744
51, 101: 0.642581363074
83, 92: 0.642361273192
46, 52: 0.642269482762
65, 87: 0.641815630006
40, 79: 0.641769874451
59, 71: 0.641674669754
24, 75: 0.641673699726
74, 87: 0.641537224532
24, 71: 0.641435310911
24, 73: 0.641300229818
85, 105: 0.641222611301
26, 47: 0.641181907046
28, 74: 0.641166299425
62, 84: 0.641012366338
77, 91: 0.640973175345
44, 91: 0.640541559824
43, 84: 0.64047702014
58, 89: 0.64043160805
87, 101: 0.640397617618
71, 72: 0.640168369502
85, 100: 0.640085480883
98, 128: 0.640025547123
32, 80: 0.639933317051
46, 62: 0.639860527771
37, 78: 0.639309975366
39, 95: 0.639184216938
25, 38: 0.639034190795
32, 67: 0.638821913256
81, 92: 0.638644857185
33, 102: 0.638529977321
28, 62: 0.638424946691
71, 97: 0.638323487017
24, 104: 0.638166386199
49, 93: 0.638114236749
32, 86: 0.637926232899
72, 91: 0.637616332681
43, 71: 0.637546571325
66, 81: 0.637413249359
27, 49: 0.637169210279
77, 97: 0.636898343466
29, 91: 0.636239484067
34, 86: 0.63602378958
72, 79: 0.63596093694
57, 92: 0.63583433146
65, 73: 0.635766720044
48, 51: 0.635750901812
20, 84: 0.635666641691
93, 103: 0.635593871376
49, 105: 0.635435154824
91, 105: 0.635156412102
32, 55: 0.634817690623
52, 69: 0.634697716054
25, 47: 0.634674320836
37, 50: 0.634624888713
40, 73: 0.634593326293
21, 101: 0.634515663001
48, 103: 0.63450960579
65, 127: 0.634417461645
39, 86: 0.63422676335
75, 97: 0.634099944354
31, 44: 0.633746784415
59, 93: 0.633579137567
44, 83: 0.633439093813
44, 87: 0.633377332072
42, 49: 0.633324945758
46, 99: 0.633077195131
48, 87: 0.632587055578
64, 71: 0.632556800052
34, 57: 0.632255256222
33, 64: 0.632181606257
32, 77: 0.632086627813
41, 97: 0.63196070683
59, 78: 0.631791182373
20, 26: 0.631700082768
21, 128: 0.631616369207
47, 66: 0.631352604059
58, 78: 0.631304474056
27, 95: 0.631114460606
33, 74: 0.63067479712
47, 105: 0.630549311749
32, 95: 0.630440083317
20, 37: 0.630411304709
49, 67: 0.630174892458
28, 83: 0.630050823181
33, 46: 0.629294670014
26, 87: 0.629280103219
51, 66: 0.629151638612
46, 79: 0.629131273806
50, 83: 0.62912391833
32, 127: 0.628972212029
50, 80: 0.628837667509
38, 84: 0.628809192482
44, 105: 0.628649263792
47, 49: 0.628515509501
73, 74: 0.628509177341
21, 35: 0.628020926729
75, 92: 0.627982945896
77, 105: 0.627875000158
20, 50: 0.627826648728
34, 51: 0.627263573635
46, 87: 0.627093220891
37, 66: 0.627075064563
31, 75: 0.627001585656
36, 73: 0.626952491399
40, 127: 0.626941843758
61, 70: 0.62661501203
21, 28: 0.626612507669
74, 96: 0.62651986055
62, 85: 0.626204509884
61, 62: 0.626128018179
50, 128: 0.626033453328
44, 86: 0.62569628404
25, 37: 0.625636927369
32, 87: 0.625459400015
36, 127: 0.62535765652
25, 87: 0.625335739542
36, 50: 0.625200204336
41, 70: 0.625123383014
81, 85: 0.624993276613
62, 79: 0.624974267512
30, 75: 0.62460934892
43, 65: 0.624537368379
96, 98: 0.624378194609
42, 127: 0.624273337234
49, 101: 0.624261484273
66, 67: 0.624171044963
60, 87: 0.624150421371
24, 97: 0.624092962636
80, 97: 0.624055053246
31, 57: 0.624038735135
26, 83: 0.623985525045
86, 93: 0.623785318526
26, 100: 0.623673234834
74, 81: 0.623395513847
24, 47: 0.623313904572
24, 99: 0.623288519367
31, 127: 0.623068617169
59, 84: 0.622906460113
38, 58: 0.622864232983
30, 50: 0.622724716345
30, 82: 0.622591435822
28, 38: 0.622500961232
52, 91: 0.622456064145
62, 82: 0.622446819355
44, 67: 0.622304932784
46, 127: 0.622200391434
40, 62: 0.62214944359
80, 83: 0.622089507362
26, 58: 0.621954928716
25, 67: 0.62180159969
28, 100: 0.621800971069
101, 127: 0.621474122388
25, 69: 0.621303114476
28, 59: 0.621148385865
51, 74: 0.620914607621
57, 81: 0.620866299611
44, 58: 0.620624723288
21, 99: 0.620590997086
20, 29: 0.620396901859
31, 67: 0.620249222055
50, 101: 0.620225731647
20, 61: 0.620146007826
60, 91: 0.620031481499
37, 103: 0.619991112949
28, 103: 0.619965467319
54, 105: 0.619811806936
82, 102: 0.61966667708
24, 78: 0.619559860769
77, 78: 0.619283336005
34, 38: 0.619032774067
49, 78: 0.618999994094
36, 43: 0.618407534816
32, 51: 0.618380433261
95, 128: 0.618230560325
30, 60: 0.618229501867
25, 83: 0.617957863868
46, 55: 0.617701957448
29, 77: 0.617560370886
30, 51: 0.617478028961
40, 49: 0.617368200754
59, 65: 0.617165563209
44, 47: 0.617038124602
67, 102: 0.616941405043
82, 86: 0.616816783463
35, 81: 0.616740837216
38, 92: 0.616666535704
47, 61: 0.616529990261
34, 87: 0.616502510282
82, 91: 0.616381511364
50, 74: 0.616281228042
89, 96: 0.616280375644
39, 57: 0.616266821219
36, 59: 0.61625820298
20, 31: 0.616076970874
27, 56: 0.615884004738
80, 103: 0.615801235044
62, 71: 0.615714744499
57, 96: 0.615708565753
34, 55: 0.615286841075
81, 102: 0.615241742602
62, 93: 0.615005772474
25, 81: 0.614968825198
99, 105: 0.614910825495
22, 52: 0.614441283717
32, 49: 0.614385265686
22, 44: 0.613939659658
82, 99: 0.613853650622
45, 79: 0.613528486475
26, 96: 0.613311814346
33, 71: 0.613208299664
27, 127: 0.613096217247
37, 105: 0.612927305465
50, 93: 0.612858326989
84, 103: 0.612719580199
60, 62: 0.61262222792
29, 47: 0.612509508022
72, 95: 0.612331184818
97, 100: 0.612291697137
64, 99: 0.612205282712
38, 72: 0.612169045859
51, 92: 0.612123028477
42, 104: 0.612018669375
66, 87: 0.611915470465
64, 75: 0.61188408797
28, 69: 0.61181710002
27, 59: 0.611769737961
20, 82: 0.611634941595
44, 78: 0.611355094155
22, 42: 0.611323444705
20, 22: 0.611178175484
57, 60: 0.611020640805
29, 80: 0.610941220599
41, 82: 0.610897678444
75, 103: 0.61080649023
67, 84: 0.610797618941
34, 59: 0.610754412121
55, 93: 0.610352294886
22, 101: 0.610172355648
20, 47: 0.610130038066
59, 130: 0.609993859155
83, 85: 0.609877188816
47, 87: 0.609730473097
66, 127: 0.609635121264
34, 127: 0.609611348426
84, 127: 0.609588513941
58, 62: 0.609581489675
27, 43: 0.609326065497
28, 64: 0.609281380567
35, 50: 0.609273947681
46, 104: 0.609059563308
21, 64: 0.60891003018
59, 101: 0.608839840137
31, 45: 0.60878827621
64, 77: 0.608423592809
28, 46: 0.608356063646
60, 97: 0.608128669761
35, 62: 0.60807116523
35, 104: 0.60790245082
21, 42: 0.607724369918
64, 105: 0.607559321526
43, 93: 0.60755523219
32, 69: 0.607451544786
45, 47: 0.607397758688
57, 128: 0.606967105478
27, 98: 0.606527336669
33, 77: 0.606509276664
62, 92: 0.60648029396
84, 95: 0.606380410967
30, 59: 0.606320984139
37, 79: 0.606245671747
49, 102: 0.606155905672
73, 103: 0.606092972996
67, 93: 0.606024891325
33, 59: 0.60599398609
38, 74: 0.605988325125
75, 84: 0.60589340594
34, 100: 0.605886199538
26, 127: 0.605835055675
88, 103: 0.605765306087
84, 96: 0.605491924824
22, 81: 0.605424295415
43, 48: 0.605299541173
40, 98: 0.605220591857
58, 60: 0.605112085051
26, 57: 0.604928796866
87, 104: 0.60469881399
50, 102: 0.604676432291
32, 45: 0.604595784638
80, 84: 0.604593229543
48, 83: 0.604074369682
65, 67: 0.604059048632
102, 104: 0.603994472512
43, 85: 0.603709528643
40, 59: 0.6036500706
40, 56: 0.603580396481
30, 103: 0.603496469251
86, 97: 0.603481893422
87, 92: 0.603333311218
33, 43: 0.603293560023
49, 85: 0.603268097809
69, 84: 0.603246631076
51, 65: 0.603109516263
57, 95: 0.60263503483
48, 104: 0.602222902417
51, 79: 0.602044608173
74, 104: 0.601983427005
55, 74: 0.601927642987
95, 102: 0.601802714496
20, 58: 0.601771032568
48, 50: 0.601760631514
91, 98: 0.601759727096
20, 81: 0.601475736412
25, 103: 0.60140927528
34, 62: 0.601174587717
70, 97: 0.601065658201
20, 32: 0.600990550948
74, 86: 0.600966826253
59, 62: 0.600669943491
52, 86: 0.60065146056
35, 83: 0.600622441968
52, 58: 0.600340617163
31, 96: 0.600316816889
81, 83: 0.599974277547
28, 50: 0.599798240571
72, 87: 0.599722987889
22, 83: 0.599536785309
47, 84: 0.599529244065
44, 49: 0.599463600974
21, 34: 0.59944338543
21, 61: 0.599403943691
56, 84: 0.599262960947
56, 70: 0.59903398842
20, 103: 0.598978719607
40, 43: 0.598785045619
44, 70: 0.598588358165
42, 47: 0.598543159021
50, 72: 0.598506064163
60, 85: 0.597945062967
26, 73: 0.597716689644
32, 47: 0.597712682308
40, 103: 0.597531474452
47, 65: 0.597430826917
24, 58: 0.597191254359
26, 75: 0.597127035103
21, 32: 0.597113395242
87, 95: 0.59678183623
27, 86: 0.596749364689
105, 127: 0.596704610529
26, 103: 0.596696836308
57, 87: 0.596562312799
74, 103: 0.596490912559
67, 78: 0.596464766104
62, 89: 0.596455789149
62, 91: 0.596347454168
30, 67: 0.596241576729
26, 43: 0.596199633841
79, 104: 0.596065727297
60, 79: 0.595812891063
35, 95: 0.595662955654
95, 105: 0.595611522013
33, 38: 0.595584677378
58, 103: 0.595565548703
31, 82: 0.595544683799
44, 50: 0.595398588741
24, 96: 0.595296845287
36, 55: 0.595258536018
37, 58: 0.595149724821
33, 79: 0.59512112243
25, 45: 0.595098287741
46, 80: 0.594914369348
57, 102: 0.594826827285
33, 82: 0.5947353213
21, 93: 0.59437080727
42, 50: 0.594370024359
55, 84: 0.594357628224
55, 65: 0.594214047733
72, 103: 0.594159040173
78, 95: 0.594043298677
60, 78: 0.594004530247
20, 105: 0.593663485946
72, 83: 0.59361904911
59, 74: 0.593293396443
39, 41: 0.593266151512
39, 81: 0.593187673288
72, 104: 0.593146174802
81, 84: 0.593144270058
27, 50: 0.593103999292
64, 96: 0.593098418185
43, 49: 0.593086855936
31, 47: 0.592930885463
59, 128: 0.592917427514
44, 95: 0.592744547059
59, 64: 0.592623896388
25, 96: 0.592594509105
61, 96: 0.592580323613
83, 97: 0.59251423096
55, 59: 0.592440867645
61, 81: 0.592433844189
22, 92: 0.592228889267
91, 104: 0.592211646797
20, 91: 0.592157840648
55, 101: 0.592138667473
22, 30: 0.592073949464
39, 51: 0.591859463622
73, 96: 0.591820417281
25, 70: 0.591734658866
73, 83: 0.591733397525
43, 128: 0.591633362974
42, 43: 0.591551278633
61, 69: 0.59149174886
36, 67: 0.591353497403
39, 80: 0.591290692145
21, 84: 0.59119473952
42, 96: 0.591138392045
37, 46: 0.590900183588
62, 128: 0.590729771774
36, 87: 0.590676419784
34, 49: 0.590600570289
45, 61: 0.590409873098
26, 81: 0.590385353629
48, 86: 0.59034438777
65, 100: 0.59006796564
55, 62: 0.58995522876
67, 72: 0.589843052879
57, 64: 0.589761905599
66, 86: 0.589713939435
30, 43: 0.589619038349
21, 26: 0.589513140362
70, 84: 0.589445004589
33, 52: 0.589428751843
60, 77: 0.589316805097
49, 52: 0.589283613131
22, 72: 0.589246040825
72, 105: 0.588920274838
69, 91: 0.588894064286
50, 65: 0.588887094331
71, 127: 0.588871527885
57, 59: 0.588827799728
28, 49: 0.588590429424
79, 87: 0.588576776557
35, 60: 0.588547750974
74, 83: 0.588545925256
48, 49: 0.588356251424
40, 55: 0.5883497296
39, 77: 0.588239813711
64, 89: 0.588135124283
26, 69: 0.587957850666
22, 40: 0.58794004479
36, 100: 0.587845779935
60, 70: 0.587531103755
22, 27: 0.58738523237
21, 31: 0.587351171718
40, 86: 0.587320455485
57, 97: 0.587272461526
26, 38: 0.587237992987
70, 85: 0.587186840051
38, 81: 0.587064342574
67, 101: 0.58691451507
32, 43: 0.586892571596
38, 66: 0.586678133433
55, 100: 0.586650233623
27, 47: 0.586644905785
37, 96: 0.58655156916
52, 62: 0.586343470199
22, 77: 0.586223565039
21, 102: 0.586220789534
102, 127: 0.586194775617
38, 99: 0.586024344852
42, 55: 0.586020752309
26, 51: 0.586001822511
26, 95: 0.585859265465
36, 69: 0.585841561553
34, 47: 0.585707106281
45, 84: 0.585595459409
42, 67: 0.585533610175
45, 60: 0.585360299968
45, 52: 0.585291483819
36, 47: 0.585205609875
83, 96: 0.5851923932
45, 71: 0.585072999008
47, 101: 0.584836658703
100, 101: 0.584542551958
56, 60: 0.584521415869
82, 88: 0.584461579563
56, 66: 0.58414975775
84, 87: 0.584114360763
45, 66: 0.584079895972
24, 81: 0.583986724818
26, 41: 0.5839564443
83, 84: 0.583882070275
92, 96: 0.583875177814
62, 102: 0.583535930434
71, 87: 0.583270966412
30, 57: 0.58324726891
70, 92: 0.583164853402
30, 104: 0.582569105637
26, 98: 0.582549580081
39, 83: 0.582168141007
28, 43: 0.581926563954
41, 85: 0.58170237086
29, 60: 0.581574154646
64, 104: 0.581268838756
37, 80: 0.581217331042
57, 85: 0.581100827661
37, 85: 0.581085325044
28, 60: 0.5810572525
21, 103: 0.581050752973
33, 80: 0.580846672479
52, 81: 0.580832084709
48, 55: 0.580777390433
80, 82: 0.580713755687
34, 45: 0.580685810277
34, 69: 0.580504434062
48, 67: 0.580363597317
66, 103: 0.580241897871
93, 98: 0.58009111565
41, 61: 0.58004498206
59, 95: 0.57997803803
30, 62: 0.579650050775
47, 128: 0.579426041865
69, 88: 0.579377837704
22, 48: 0.579345685864
47, 93: 0.579294295437
45, 72: 0.57923695418
85, 127: 0.579208733121
27, 73: 0.579085141556
46, 86: 0.578965244522
80, 81: 0.578955827327
29, 127: 0.578874410236
25, 55: 0.578840035653
37, 57: 0.578749220371
47, 57: 0.578702145303
22, 35: 0.578538449189
35, 100: 0.57847185895
42, 82: 0.578432278677
21, 48: 0.578382930257
59, 85: 0.578380630998
26, 88: 0.578086432729
32, 56: 0.578035314014
57, 105: 0.578022988022
33, 98: 0.577891141161
61, 98: 0.577639756668
29, 87: 0.577627563945
29, 89: 0.577272526285
41, 103: 0.577198463794
73, 80: 0.577004282274
39, 103: 0.576978534778
40, 87: 0.576896488394
75, 78: 0.576828589667
57, 104: 0.576703736847
91, 95: 0.576581560456
20, 55: 0.576491746071
41, 44: 0.576475967626
54, 77: 0.576316543019
100, 104: 0.576253133961
93, 100: 0.576250112356
79, 95: 0.576139780508
35, 55: 0.576067060526
33, 92: 0.575974438424
46, 70: 0.575679236158
67, 92: 0.575647818647
87, 93: 0.575582881027
21, 104: 0.575145419578
91, 127: 0.574686793875
22, 34: 0.574485299662
61, 83: 0.574136409574
36, 98: 0.574010439107
56, 99: 0.573886176798
32, 37: 0.57379985306
49, 72: 0.573723958443
28, 96: 0.573709388984
69, 89: 0.573665770423
38, 82: 0.573486117346
24, 56: 0.573283321067
39, 55: 0.573074394384
43, 101: 0.572977029247
51, 86: 0.572908728444
79, 82: 0.572838803765
45, 78: 0.572801133872
86, 103: 0.572787099259
58, 77: 0.572758531615
48, 98: 0.57249357937
33, 127: 0.572306695475
20, 96: 0.572213132603
55, 61: 0.572009445349
82, 105: 0.571970426426
56, 82: 0.571911861219
65, 98: 0.571863998284
56, 72: 0.571778753499
62, 105: 0.571656105564
65, 86: 0.571463347216
48, 59: 0.571441592371
42, 57: 0.571209483117
87, 128: 0.57109779449
45, 74: 0.570983236594
55, 91: 0.570900134427
50, 85: 0.570844756362
21, 40: 0.570820376538
20, 43: 0.570811745534
64, 79: 0.570633475078
20, 69: 0.570599482229
67, 105: 0.570578104941
87, 100: 0.570571675247
52, 64: 0.570441000203
40, 51: 0.570416388909
77, 95: 0.570113062082
81, 103: 0.570087394045
46, 59: 0.570001731286
96, 102: 0.569840958091
34, 70: 0.569459857541
59, 60: 0.569354259434
22, 67: 0.569338523796
48, 73: 0.56911333686
33, 41: 0.568957472998
32, 96: 0.568937802234
42, 69: 0.568836599137
32, 100: 0.568816961717
98, 101: 0.568756325917
27, 55: 0.568618086205
73, 81: 0.568607396441
67, 128: 0.568410617617
27, 51: 0.56836542681
41, 65: 0.568314508121
67, 77: 0.568260628369
44, 51: 0.568249553071
81, 89: 0.567951686643
97, 105: 0.567704886646
49, 99: 0.567521965897
27, 100: 0.567508876612
33, 75: 0.56745721614
62, 75: 0.56731638534
26, 59: 0.567035972502
38, 98: 0.566863626993
42, 51: 0.566861630078
47, 60: 0.566802416711
66, 83: 0.566583916108
69, 78: 0.566569927276
38, 42: 0.566419325557
59, 102: 0.566411702322
48, 127: 0.56621721125
45, 92: 0.565957880312
73, 86: 0.565717186379
21, 94: 0.565596347562
48, 56: 0.565414879629
27, 67: 0.565393840876
73, 75: 0.565075152893
38, 57: 0.565073682481
45, 104: 0.564921218354
30, 91: 0.564824368688
24, 95: 0.564732436316
52, 73: 0.564605628176
25, 56: 0.564585308845
44, 59: 0.564492462348
22, 47: 0.564332929792
55, 66: 0.564313763233
20, 73: 0.564201421472
32, 81: 0.56410956379
25, 100: 0.564070619699
31, 98: 0.563931064027
38, 61: 0.563923135534
20, 104: 0.563891280332
60, 130: 0.563726151672
98, 99: 0.563661008882
25, 73: 0.563563604295
83, 104: 0.56355061891
58, 96: 0.563454519938
28, 75: 0.563444375397
49, 97: 0.563309747656
33, 44: 0.563200425258
81, 97: 0.56315182632
25, 98: 0.562929578286
56, 57: 0.562870246885
31, 80: 0.562868770902
21, 62: 0.562775833847
34, 67: 0.56260186332
50, 81: 0.5625134185
70, 88: 0.562225712369
43, 74: 0.561911179009
85, 96: 0.561834943793
39, 67: 0.561830513276
28, 47: 0.561616190912
46, 47: 0.561537961137
43, 79: 0.561423104921
49, 57: 0.561389726215
85, 86: 0.560854953314
69, 104: 0.560849989443
43, 78: 0.560845083797
61, 87: 0.560766940089
70, 91: 0.560729953223
38, 41: 0.560528370415
59, 92: 0.560436801039
69, 101: 0.560398405403
28, 81: 0.560321431093
37, 64: 0.560278526587
27, 69: 0.560267946231
42, 62: 0.560252083803
87, 102: 0.560053739727
60, 103: 0.55998988156
21, 29: 0.559963303061
51, 78: 0.559941175856
35, 59: 0.559838747114
85, 98: 0.559770380746
36, 41: 0.55975888697
62, 74: 0.559751785085
43, 58: 0.559710331471
47, 78: 0.559507573091
57, 91: 0.55949910961
45, 87: 0.55947058627
70, 93: 0.559438700214
43, 62: 0.559213089304
83, 91: 0.559139597789
58, 75: 0.558942804115
41, 89: 0.558886504701
43, 66: 0.558708970332
66, 98: 0.558651455223
43, 99: 0.558565515922
35, 57: 0.558491249056
39, 62: 0.558370098709
39, 47: 0.558318191643
36, 45: 0.558269731957
44, 56: 0.558209469743
39, 127: 0.55814637443
24, 87: 0.558139308688
69, 92: 0.557764569267
51, 84: 0.557753523131
47, 86: 0.557749776183
27, 87: 0.557710636496
55, 60: 0.557686112535
57, 78: 0.557537118314
45, 101: 0.557400931074
58, 91: 0.557375463653
35, 38: 0.557343835669
43, 97: 0.557294687163
49, 87: 0.556990364018
30, 100: 0.556853219671
28, 98: 0.556834596468
64, 127: 0.556716263028
66, 100: 0.556335843748
51, 67: 0.556211843823
22, 65: 0.556062927762
21, 82: 0.556041106122
62, 80: 0.556004522252
71, 104: 0.555974198224
72, 98: 0.555629367833
41, 101: 0.555595875876
60, 96: 0.5554541449
29, 49: 0.555448576288
42, 103: 0.555429986976
78, 89: 0.555360724074
31, 55: 0.555225027368
26, 37: 0.55514906524
59, 80: 0.555064333427
55, 92: 0.554996132834
45, 51: 0.5548521788
47, 48: 0.554662663751
50, 79: 0.554646957627
62, 97: 0.554551208071
33, 54: 0.554141416024
35, 47: 0.554094136804
51, 72: 0.553982623279
45, 128: 0.55384146999
45, 69: 0.553217851446
52, 57: 0.553153017907
67, 104: 0.553005746533
69, 103: 0.552719946379
45, 67: 0.55258476897
49, 74: 0.552415744719
43, 44: 0.552246572829
56, 101: 0.552242058044
37, 43: 0.552240866821
79, 127: 0.552214510893
41, 128: 0.551951960352
32, 103: 0.551883936379
64, 86: 0.551755011511
89, 100: 0.551605424119
42, 60: 0.55156858839
25, 43: 0.551553440838
36, 70: 0.551420786853
30, 73: 0.551182470982
29, 45: 0.551075683013
57, 82: 0.550948331961
26, 70: 0.550818056935
44, 127: 0.550703034573
69, 102: 0.550351205134
49, 59: 0.550070705828
31, 41: 0.55005016755
62, 95: 0.549967744973
42, 45: 0.549957671754
22, 36: 0.549647684245
35, 96: 0.54954380284
35, 67: 0.549465752669
70, 101: 0.549156793073
20, 60: 0.549135251268
42, 59: 0.549054724773
22, 74: 0.548952999569
60, 73: 0.548921483597
29, 57: 0.548892529349
96, 97: 0.548780563314
66, 69: 0.548755064584
52, 67: 0.548721985053
83, 88: 0.548697575666
43, 81: 0.548484493723
41, 96: 0.548036192923
29, 38: 0.547648668285
43, 77: 0.547602670876
28, 54: 0.547451326309
41, 56: 0.547281539465
52, 127: 0.547084551615
49, 95: 0.547054462186
34, 43: 0.547012141852
42, 98: 0.546774188355
60, 72: 0.546769847383
50, 97: 0.546653249889
56, 128: 0.546588516346
65, 70: 0.546493344056
38, 46: 0.54644739657
32, 38: 0.546190338295
37, 97: 0.545938489522
96, 103: 0.545571157542
51, 57: 0.545563407519
64, 81: 0.545451390448
38, 64: 0.545366711159
45, 48: 0.545340027865
30, 83: 0.545155432418
55, 105: 0.544900404842
45, 49: 0.544855424927
21, 91: 0.544774090593
62, 100: 0.544600364848
25, 41: 0.544226210189
35, 87: 0.544114043963
75, 104: 0.544081675345
59, 100: 0.544037185675
39, 87: 0.54399976579
52, 95: 0.543646290738
69, 93: 0.543588022729
81, 98: 0.543487513135
84, 98: 0.543285530834
20, 46: 0.543129264649
64, 82: 0.54260791134
50, 96: 0.542587425979
51, 105: 0.542559556956
35, 73: 0.542390430138
79, 86: 0.54231078179
20, 59: 0.542132026297
21, 44: 0.542029875988
82, 83: 0.542024797357
75, 79: 0.542010229819
54, 66: 0.541882726689
38, 104: 0.54187207083
41, 104: 0.541730505877
32, 98: 0.541729443061
32, 59: 0.541719270945
39, 88: 0.541686621873
33, 96: 0.541554173344
41, 91: 0.541362571313
35, 127: 0.541309547573
72, 127: 0.541301969851
57, 58: 0.541145147196
57, 79: 0.541046005514
69, 71: 0.540907259972
55, 102: 0.540906620203
42, 100: 0.540791109183
28, 87: 0.540513120544
51, 87: 0.540351788432
20, 39: 0.540332556077
44, 62: 0.540320957694
70, 74: 0.540067572389
91, 96: 0.539630148417
45, 93: 0.5390176064
32, 83: 0.538855127209
43, 105: 0.538766368363
38, 70: 0.538709562677
71, 82: 0.538595994334
22, 93: 0.538417344504
40, 100: 0.538385515372
54, 71: 0.538307248355
52, 56: 0.538236711951
61, 73: 0.537931196743
49, 64: 0.537845000447
31, 87: 0.537831159677
37, 39: 0.537822767225
78, 98: 0.537761710693
50, 89: 0.537682875383
31, 37: 0.537618211854
73, 85: 0.537316581482
86, 88: 0.537271904575
46, 81: 0.536783719053
39, 100: 0.536666634141
62, 103: 0.536548127211
97, 127: 0.536505651985
27, 45: 0.536299511358
52, 87: 0.536268162164
40, 67: 0.53617678229
29, 50: 0.536124305951
27, 41: 0.536123511572
44, 54: 0.536008409813
72, 86: 0.535986319464
67, 74: 0.535830337082
56, 81: 0.535709931985
55, 89: 0.535644628349
62, 99: 0.535635955934
49, 127: 0.535508024811
25, 54: 0.53540391694
46, 100: 0.535180943651
21, 52: 0.534944711954
29, 95: 0.534878837897
45, 105: 0.534859048411
45, 102: 0.53485449968
41, 88: 0.534605521331
36, 56: 0.534483675017
59, 97: 0.534464603361
81, 100: 0.534459987334
29, 51: 0.534456125712
35, 51: 0.534147282635
69, 99: 0.534109540677
25, 50: 0.534021880691
67, 95: 0.533796175541
70, 104: 0.533599339794
44, 98: 0.533479230531
56, 75: 0.533469423728
62, 72: 0.533083588593
33, 50: 0.532455064919
29, 67: 0.532320274356
32, 88: 0.532063096857
56, 65: 0.53200920184
62, 96: 0.531973674858
56, 92: 0.531893209449
40, 50: 0.531833322945
71, 130: 0.53173014499
58, 71: 0.531614551133
96, 104: 0.531417356399
55, 97: 0.531388228353
42, 87: 0.531329692689
55, 82: 0.531280048616
49, 60: 0.531197277822
37, 75: 0.531073855237
59, 72: 0.530912684436
78, 81: 0.530813880451
86, 89: 0.530744233548
38, 96: 0.530336208231
22, 103: 0.530305565976
49, 92: 0.530304228149
39, 49: 0.530159852621
30, 98: 0.529768099248
105, 130: 0.52973489972
41, 93: 0.529594300988
88, 92: 0.52950338646
38, 91: 0.529359479647
29, 75: 0.529354467445
70, 77: 0.529192121685
20, 33: 0.529161253856
26, 56: 0.529012825253
31, 100: 0.528886524449
50, 78: 0.528857960589
51, 102: 0.528823948528
55, 71: 0.528684685156
78, 104: 0.528438581794
21, 46: 0.528389897243
33, 62: 0.528045718309
61, 103: 0.527891425827
63, 70: 0.527889411725
52, 96: 0.527765072481
37, 82: 0.527556242596
30, 47: 0.52715822424
60, 89: 0.526965995542
22, 99: 0.526847342797
49, 89: 0.526702208088
35, 86: 0.526632164828
30, 54: 0.526525625523
77, 100: 0.526502743874
24, 67: 0.526354573632
39, 59: 0.526245490119
55, 57: 0.526201522419
57, 77: 0.526142588575
28, 41: 0.526135937743
31, 81: 0.526039820499
100, 128: 0.525587123018
56, 85: 0.525373656854
30, 87: 0.525244344935
24, 57: 0.525133058711
24, 88: 0.52505878199
91, 130: 0.525046774218
50, 66: 0.525031081277
34, 41: 0.525016435011
78, 82: 0.524813406845
91, 100: 0.52455661789
75, 82: 0.524527372467
57, 100: 0.52452158941
29, 103: 0.524473009804
45, 57: 0.52442053384
42, 95: 0.523966259163
94, 104: 0.523745498837
43, 80: 0.523703470029
58, 105: 0.523471493703
24, 69: 0.523451368567
20, 100: 0.523057419526
25, 88: 0.522747886944
37, 54: 0.522455251294
33, 81: 0.52216040361
59, 104: 0.522148666262
21, 72: 0.522071811186
77, 130: 0.522059072578
67, 91: 0.521967326169
61, 100: 0.521834005874
56, 97: 0.521798555378
47, 72: 0.521740356552
45, 90: 0.521713730506
43, 52: 0.5216917934
55, 85: 0.521659703814
21, 92: 0.521609088768
37, 127: 0.521593866529
28, 57: 0.521533332071
89, 98: 0.521334211762
92, 127: 0.521087273811
81, 82: 0.521060510581
99, 100: 0.52100529092
71, 81: 0.520816958375
28, 55: 0.520734185018
73, 77: 0.520690936512
56, 83: 0.520413245662
37, 67: 0.52032836196
43, 102: 0.520276988623
55, 80: 0.519607987551
65, 69: 0.519589830789
64, 73: 0.519554792615
98, 100: 0.519531312219
41, 66: 0.519494301202
67, 127: 0.519360008975
35, 49: 0.51934812523
59, 99: 0.519278310694
48, 100: 0.51908131176
29, 69: 0.518740113589
70, 89: 0.518698874399
44, 45: 0.518674706632
33, 104: 0.518567242085
57, 98: 0.518443367871
69, 83: 0.518363018381
85, 87: 0.518240961844
37, 38: 0.518229361234
52, 88: 0.518102224601
37, 47: 0.518085915548
86, 95: 0.518058740711
54, 78: 0.517972730412
75, 98: 0.517807191492
39, 70: 0.517650229015
34, 56: 0.51757658882
69, 128: 0.517371967315
56, 103: 0.517222665908
70, 128: 0.517214490071
75, 127: 0.5171101507
81, 91: 0.516985050937
55, 75: 0.516676269779
51, 62: 0.516545740445
62, 104: 0.51629846676
28, 37: 0.516181300519
73, 97: 0.516125889086
43, 57: 0.51598075365
34, 98: 0.515829358209
29, 81: 0.515447326809
73, 99: 0.515111799522
69, 74: 0.514789893006
50, 71: 0.514682568196
33, 69: 0.514608765838
57, 86: 0.514584374555
95, 130: 0.514479102624
29, 55: 0.514475982872
52, 55: 0.514109575487
21, 41: 0.51395702938
58, 79: 0.513931823859
37, 61: 0.513835547978
79, 89: 0.513672134473
43, 54: 0.513616116282
89, 94: 0.513604610763
42, 73: 0.513442908869
26, 50: 0.513116378355
85, 88: 0.513073546304
48, 69: 0.513059768668
21, 83: 0.512827017082
57, 75: 0.512821696235
54, 59: 0.512653618883
24, 59: 0.512494291887
47, 58: 0.512483308072
56, 61: 0.512412280027
82, 87: 0.512250068932
69, 72: 0.512238807504
22, 75: 0.51208100459
77, 83: 0.512060493138
44, 69: 0.511954230891
20, 95: 0.511691612301
26, 94: 0.511674058249
22, 50: 0.511477118619
28, 95: 0.51138663694
59, 75: 0.511385509767
47, 127: 0.511297369701
22, 87: 0.511260645778
47, 77: 0.511140057311
73, 84: 0.511133984313
84, 94: 0.511055911829
67, 98: 0.510973498154
24, 51: 0.51095177821
56, 88: 0.510793643279
52, 59: 0.510780588511
64, 67: 0.510481004208
31, 130: 0.510278226184
45, 65: 0.510189047292
21, 24: 0.510160872487
22, 89: 0.509953912681
56, 74: 0.509924476179
99, 127: 0.509875373706
47, 74: 0.509776156491
67, 99: 0.509623920686
31, 86: 0.509473263311
40, 41: 0.509099529587
59, 70: 0.508959571291
52, 70: 0.508895234215
49, 91: 0.508844040266
34, 88: 0.508833025387
29, 104: 0.508339506352
62, 86: 0.508232506994
80, 96: 0.508070098467
45, 62: 0.50787578036
88, 89: 0.507860120654
75, 105: 0.507488666104
49, 51: 0.507475923105
59, 79: 0.507337737753
21, 47: 0.507284328173
80, 127: 0.507274717724
103, 104: 0.507053890283
78, 87: 0.507014969952
57, 70: 0.506803990853
69, 70: 0.506592326473
51, 128: 0.505987709351
31, 69: 0.505286755672
49, 81: 0.505135498662
60, 127: 0.505094547465
79, 103: 0.504750581097
38, 75: 0.50461171037
41, 52: 0.504604849356
78, 130: 0.504509512894
24, 41: 0.504490078983
79, 83: 0.504445239835
80, 98: 0.504381219386
41, 59: 0.504258730282
85, 95: 0.504031611965
43, 82: 0.503837373667
44, 55: 0.503822705939
47, 69: 0.503692107505
99, 104: 0.50349919445
71, 75: 0.503475419401
78, 96: 0.503457621027
62, 78: 0.503447834317
35, 45: 0.503079016795
21, 79: 0.503015646909
41, 75: 0.502989812061
58, 100: 0.502867044538
43, 90: 0.502846456285
37, 60: 0.502781872526
33, 37: 0.502742393243
22, 96: 0.502691881881
61, 88: 0.502685420396
29, 62: 0.502633280944
56, 93: 0.501929905515
46, 103: 0.501823446426
56, 89: 0.501740408095
45, 127: 0.501692617087
104, 105: 0.501458164756
38, 95: 0.50124298164
94, 97: 0.501209992427
47, 82: 0.501191944268
86, 127: 0.500763920314
47, 80: 0.500579733018
22, 80: 0.500453114574
32, 70: 0.500445340113
28, 45: 0.500419396366
43, 127: 0.500407433652
89, 127: 0.500385244507
88, 93: 0.500284325876
22, 79: 0.500170524924
27, 70: 0.500082190877
66, 70: 0.500033379724
29, 100: 0.499903643595
20, 49: 0.499780735565
39, 69: 0.498692232018
24, 33: 0.498685798311
55, 79: 0.498676296361
43, 72: 0.498606501497
56, 58: 0.498118023841
72, 73: 0.498011761363
38, 52: 0.497923572969
47, 91: 0.497609743566
38, 73: 0.497564174805
37, 87: 0.497518588301
67, 85: 0.497355871774
40, 47: 0.497222646984
45, 50: 0.49713309745
56, 86: 0.49709778227
56, 91: 0.496997582155
70, 86: 0.496797833948
37, 45: 0.49675310056
28, 56: 0.49671019092
43, 100: 0.496618596583
38, 78: 0.496502292166
27, 54: 0.496317752543
82, 96: 0.496314535231
41, 60: 0.495808653165
56, 62: 0.495526728234
60, 67: 0.495394595369
50, 84: 0.495225297886
21, 73: 0.495123720944
28, 86: 0.495070283825
51, 59: 0.494932261327
46, 49: 0.494694608704
58, 104: 0.494681585677
22, 26: 0.494580188023
95, 104: 0.494184775944
77, 87: 0.49409135944
33, 47: 0.494087560277
29, 43: 0.493999322298
38, 77: 0.493849388538
22, 78: 0.493629668889
47, 97: 0.493543698067
37, 89: 0.493485976121
60, 75: 0.493453008794
87, 97: 0.493240417682
30, 41: 0.493211417311
54, 128: 0.493182619719
26, 55: 0.493044000598
70, 72: 0.492724792315
47, 62: 0.492617687254
21, 86: 0.492098972677
56, 104: 0.492048762422
86, 87: 0.492040926485
24, 127: 0.491721999629
59, 81: 0.491363882868
95, 97: 0.491183544548
80, 88: 0.491141982272
36, 88: 0.491096397747
28, 70: 0.49087794021
88, 101: 0.490863871111
55, 78: 0.4907059038
77, 104: 0.490222796678
37, 83: 0.48999110167
60, 80: 0.489971148869
86, 102: 0.489835009868
30, 86: 0.48960309741
67, 100: 0.489132732711
60, 81: 0.489091668382
20, 98: 0.489088034192
47, 100: 0.488669960058
47, 85: 0.48858913675
41, 46: 0.488450417898
74, 100: 0.488382092461
54, 84: 0.488349649863
67, 80: 0.488270440158
50, 69: 0.488269799208
98, 104: 0.488106256565
58, 86: 0.487911654239
50, 82: 0.48779818764
38, 89: 0.487381779226
95, 96: 0.486878674907
79, 81: 0.486831141156
20, 21: 0.486417827086
24, 70: 0.486398600754
24, 55: 0.486287179331
33, 57: 0.486093026512
20, 51: 0.485824452636
60, 99: 0.485775975101
89, 105: 0.485557541158
43, 92: 0.485408493725
51, 52: 0.485304957937
64, 100: 0.485225779646
57, 127: 0.485223840865
58, 95: 0.48516291111
39, 96: 0.485152143844
29, 54: 0.485016415923
55, 77: 0.484817418289
55, 72: 0.484774895288
45, 97: 0.484020948076
73, 104: 0.483879082363
37, 95: 0.483735978243
76, 79: 0.483724669657
67, 81: 0.483462972783
76, 100: 0.483429457292
74, 88: 0.483138289311
37, 49: 0.483085473462
92, 100: 0.482956891519
51, 91: 0.482613518746
31, 70: 0.482580729136
47, 64: 0.48225074833
20, 64: 0.481832770561
41, 92: 0.481824031278
43, 98: 0.481679521565
45, 100: 0.481624192545
64, 103: 0.481441498425
73, 82: 0.481182340076
54, 85: 0.480975791942
54, 65: 0.480934969387
43, 91: 0.480753813233
94, 100: 0.480631956408
49, 80: 0.480622120975
97, 98: 0.480564606915
21, 30: 0.480538795909
37, 51: 0.480472682747
59, 89: 0.480464339796
31, 38: 0.480354256355
45, 85: 0.480210798423
88, 97: 0.480195717996
33, 67: 0.479666853437
32, 63: 0.47963667232
35, 43: 0.479500247167
71, 76: 0.479307337984
41, 99: 0.479261935054
31, 43: 0.479248974172
47, 89: 0.479088828837
43, 67: 0.479081049951
87, 105: 0.478843460998
33, 103: 0.478720081101
40, 70: 0.478360006467
87, 99: 0.4781204659
30, 55: 0.478038239107
59, 82: 0.477901641143
44, 88: 0.47777624442
36, 54: 0.477763484698
46, 56: 0.477603413337
49, 96: 0.477560050454
28, 73: 0.477500180101
63, 96: 0.477349567295
54, 92: 0.477339668493
59, 67: 0.476754048754
37, 56: 0.476751365934
43, 61: 0.476303942046
77, 98: 0.476278358055
41, 86: 0.476244911883
57, 62: 0.475794736298
45, 82: 0.475680383329
48, 70: 0.47566336285
50, 105: 0.475648285461
43, 95: 0.475370239518
52, 54: 0.475268004458
58, 80: 0.475036478792
49, 77: 0.474992517655
70, 103: 0.474972774772
61, 130: 0.474952044863
80, 104: 0.474717055968
27, 88: 0.474615818728
72, 100: 0.47446291266
94, 96: 0.474389457023
41, 77: 0.474262170298
41, 58: 0.473929100405
51, 77: 0.473837233255
104, 127: 0.473463626842
54, 101: 0.473390912158
38, 80: 0.473057617786
54, 102: 0.472904104144
23, 53: 0.472838161263
62, 67: 0.47250953006
81, 95: 0.4723974154
37, 73: 0.472196090884
86, 91: 0.472166924721
49, 69: 0.472105257413
58, 83: 0.472091744238
51, 104: 0.472078377358
95, 99: 0.471908557422
52, 100: 0.471624494881
102, 130: 0.471133841889
63, 86: 0.470955562798
82, 95: 0.470905533403
47, 99: 0.470879486679
88, 128: 0.470669277052
43, 47: 0.470591257883
54, 91: 0.470334131385
70, 87: 0.470210570024
39, 73: 0.470196965303
45, 64: 0.470120197991
74, 98: 0.470063904558
86, 96: 0.468831588759
57, 63: 0.46864298597
28, 76: 0.468315312109
54, 80: 0.468022285963
29, 59: 0.468014898553
29, 130: 0.467671311745
54, 79: 0.4676135878
51, 55: 0.467483155423
56, 73: 0.467451226773
22, 60: 0.466942161686
50, 73: 0.466789552997
71, 100: 0.466605289525
35, 41: 0.466365536496
60, 83: 0.466248276544
78, 83: 0.466218011659
73, 100: 0.465971437161
50, 61: 0.465500526731
71, 89: 0.465466171098
41, 81: 0.465293607111
86, 105: 0.465051625249
69, 86: 0.464875685204
38, 59: 0.464709972491
51, 80: 0.464292697013
20, 67: 0.464012231583
59, 90: 0.463917940788
49, 75: 0.46390191713
50, 58: 0.463727124696
69, 105: 0.463709379441
45, 56: 0.463647082476
20, 38: 0.46338715427
43, 46: 0.463371189331
35, 69: 0.463202380919
55, 98: 0.462932714991
70, 100: 0.462857091231
32, 41: 0.462197123878
20, 45: 0.46215283903
49, 58: 0.461736110138
62, 73: 0.461468142932
22, 25: 0.461375602042
54, 99: 0.461314425155
67, 86: 0.460945876279
39, 56: 0.460835207249
28, 67: 0.460763949914
84, 88: 0.460545200073
73, 102: 0.460248961682
38, 60: 0.460212573053
54, 93: 0.460208437217
30, 45: 0.460152890934
20, 87: 0.460028627539
24, 130: 0.459693621213
21, 127: 0.45933024502
45, 95: 0.459083393975
54, 81: 0.459026990566
71, 86: 0.459026673193
30, 127: 0.458850630104
22, 45: 0.458802095437
24, 49: 0.458665839026
20, 56: 0.458556291392
58, 69: 0.458426637332
46, 96: 0.457999691404
41, 69: 0.457680772205
51, 85: 0.457618880342
83, 98: 0.457572010238
22, 66: 0.457473533983
38, 87: 0.457347541848
49, 100: 0.457219366053
41, 73: 0.45716653426
49, 82: 0.457050938976
70, 99: 0.456952655278
46, 98: 0.456941431853
46, 130: 0.456921981935
64, 130: 0.456919012844
39, 45: 0.456865872054
37, 100: 0.456858176546
38, 49: 0.456762613827
54, 74: 0.456688415964
40, 45: 0.456537528201
33, 95: 0.456121221162
37, 62: 0.456031394405
62, 98: 0.455411077318
83, 86: 0.455074857224
58, 73: 0.454747549377
42, 86: 0.454313495511
21, 74: 0.454107789241
38, 79: 0.454014156996
52, 130: 0.453863811808
31, 56: 0.453789014298
66, 73: 0.453085928798
49, 83: 0.453064625152
24, 100: 0.453047456501
35, 98: 0.452874433518
24, 38: 0.452592054679
21, 100: 0.452287151228
40, 63: 0.452217651976
91, 103: 0.4521285808
60, 69: 0.452096714237
45, 46: 0.451771075232
92, 130: 0.451582002008
73, 91: 0.45145279491
58, 127: 0.451452061832
56, 100: 0.451307644685
67, 70: 0.45032512498
40, 54: 0.450101208697
38, 100: 0.449827622809
54, 96: 0.449773842956
55, 128: 0.449522786604
62, 87: 0.449082748703
75, 100: 0.44894635779
63, 75: 0.448729171806
70, 98: 0.448559191991
45, 91: 0.448432625883
41, 64: 0.448412954813
20, 76: 0.448336470921
47, 90: 0.448324774599
38, 71: 0.447788827444
71, 96: 0.447664518689
87, 89: 0.447653781976
48, 54: 0.447510660819
62, 81: 0.447491306208
31, 94: 0.447479945152
66, 94: 0.447339721005
42, 56: 0.447311967719
55, 56: 0.447287462925
33, 100: 0.447162284525
56, 59: 0.446441687648
77, 86: 0.445721639744
94, 103: 0.445354193126
21, 49: 0.445267936558
73, 88: 0.445173334245
60, 88: 0.445082949577
76, 78: 0.444925907054
69, 100: 0.444891350301
43, 96: 0.444871791958
38, 43: 0.444859832616
22, 71: 0.444700338276
79, 100: 0.444569729203
42, 88: 0.44453301764
87, 91: 0.444509527039
26, 54: 0.443824537872
47, 75: 0.443773092223
80, 86: 0.443051342204
74, 130: 0.442683185667
47, 51: 0.442498250202
56, 69: 0.442461900949
38, 69: 0.442364188257
22, 32: 0.442203953548
47, 95: 0.442156277579
46, 69: 0.44202543021
20, 57: 0.441918292716
22, 104: 0.441828742032
55, 64: 0.441774552984
103, 105: 0.441675372674
81, 105: 0.441433945597
43, 50: 0.441112544047
62, 69: 0.441071277337
64, 98: 0.440824814335
55, 69: 0.440708593215
76, 87: 0.44067859871
35, 70: 0.440398471249
56, 98: 0.440397053703
43, 59: 0.440273233778
55, 99: 0.440155932147
51, 97: 0.440123005692
40, 69: 0.439953515096
51, 81: 0.439686527784
38, 83: 0.439287472687
65, 88: 0.438964658688
54, 127: 0.438908937838
46, 88: 0.438893459112
22, 29: 0.438795585151
96, 100: 0.438663990778
98, 105: 0.438573888981
32, 73: 0.438076128365
88, 99: 0.43793960257
41, 74: 0.436867653159
55, 87: 0.436845126373
25, 130: 0.436808210126
79, 98: 0.436786783541
92, 98: 0.436380907113
43, 104: 0.435817393113
55, 70: 0.43576784885
60, 100: 0.435620607805
70, 80: 0.434867372301
88, 91: 0.434582640149
29, 86: 0.434477957859
31, 76: 0.434152325557
85, 94: 0.434067851327
49, 62: 0.433791751505
55, 104: 0.433693645172
80, 95: 0.433358399563
63, 88: 0.432497255683
66, 88: 0.432183601809
21, 38: 0.432176841073
56, 102: 0.43216038292
51, 96: 0.431880606845
50, 91: 0.431568605651
21, 78: 0.431544008279
21, 77: 0.431379145548
21, 60: 0.431113277035
22, 64: 0.430517773509
82, 94: 0.430421106805
70, 96: 0.429907028906
49, 76: 0.429790492084
98, 102: 0.429550606211
33, 70: 0.429279047754
69, 75: 0.429215265082
41, 100: 0.429208755607
22, 86: 0.429135522487
47, 59: 0.429027664
38, 56: 0.428830424949
67, 82: 0.428780488184
62, 83: 0.428680209386
38, 102: 0.428405136856
67, 75: 0.428342890718
33, 94: 0.428286261766
65, 94: 0.428144180146
22, 46: 0.42811720617
63, 104: 0.428100553932
38, 103: 0.427923642773
41, 72: 0.427792434615
54, 57: 0.427767832008
66, 130: 0.427621212654
30, 70: 0.427597968708
83, 100: 0.427312628671
41, 48: 0.426851561527
31, 50: 0.426479336186
34, 130: 0.426355690749
39, 43: 0.426021323435
30, 130: 0.426010864124
39, 98: 0.425879513376
93, 130: 0.425730235421
29, 88: 0.425678669547
39, 94: 0.42563090373
58, 87: 0.425552906983
71, 98: 0.425417151075
37, 104: 0.425344470549
41, 83: 0.425299110423
31, 103: 0.425132327878
22, 49: 0.424761550899
36, 94: 0.424669348823
22, 58: 0.424662632546
70, 73: 0.424527640063
31, 54: 0.424030417642
76, 97: 0.423858148025
38, 105: 0.423748977526
21, 81: 0.423650597588
69, 73: 0.423491976234
22, 39: 0.423080823414
75, 86: 0.42296846516
39, 130: 0.422944804151
56, 77: 0.422841265617
38, 54: 0.422611292744
73, 87: 0.422598166391
31, 83: 0.422346075658
69, 77: 0.422278379489
100, 102: 0.42227356916
20, 54: 0.422165261213
45, 89: 0.421245788062
94, 101: 0.421197501706
41, 71: 0.421180267342
30, 94: 0.42095071038
22, 61: 0.420815815169
42, 54: 0.420696597402
60, 63: 0.420604086596
51, 127: 0.420323156691
76, 84: 0.420303927269
58, 67: 0.420186714259
71, 103: 0.41999177199
50, 54: 0.419751855337
24, 43: 0.419447187525
43, 60: 0.419303739386
55, 58: 0.419262186273
56, 71: 0.418550771914
28, 94: 0.418448543394
35, 130: 0.41796906104
45, 99: 0.41794992491
54, 64: 0.41792446207
69, 90: 0.417729014574
76, 85: 0.417706162877
27, 63: 0.417512085051
22, 105: 0.417123066071
56, 64: 0.416882810001
24, 54: 0.416467241795
41, 130: 0.416168264564
22, 73: 0.416113403288
29, 70: 0.415983795783
56, 78: 0.41585328474
32, 50: 0.415825164824
73, 98: 0.415722301244
55, 95: 0.415624395942
21, 96: 0.41553233923
78, 86: 0.415298334736
49, 86: 0.414942158685
45, 77: 0.414883903331
54, 97: 0.414846323225
96, 105: 0.414187942304
76, 102: 0.414126907402
87, 98: 0.414078290669
57, 89: 0.413858989226
20, 86: 0.413715283885
46, 83: 0.413266270167
43, 83: 0.41311438996
33, 83: 0.412670028003
29, 83: 0.412657306706
51, 99: 0.41250298705
62, 130: 0.412174265031
70, 71: 0.41198600706
46, 73: 0.411656564046
65, 130: 0.411302590038
27, 94: 0.411177510831
64, 80: 0.41072940191
71, 90: 0.410671966862
47, 81: 0.410361227509
75, 95: 0.410344763378
45, 59: 0.410336208162
46, 54: 0.410269365432
95, 98: 0.410020423432
54, 61: 0.40962435731
45, 96: 0.409471795373
86, 94: 0.408952530391
36, 130: 0.40867179943
67, 89: 0.408518603093
50, 70: 0.408296589157
41, 42: 0.407517784067
67, 97: 0.407458770089
55, 76: 0.407294527979
39, 50: 0.407149307719
48, 88: 0.40684606956
33, 45: 0.406505551309
35, 54: 0.40647197405
31, 73: 0.406251264424
47, 55: 0.406104951545
29, 56: 0.406093554304
58, 59: 0.406031891873
54, 56: 0.406013567996
54, 130: 0.405889487029
38, 86: 0.405849128432
101, 130: 0.405109759961
45, 58: 0.404789215983
83, 94: 0.404575858071
81, 104: 0.404044490809
54, 95: 0.403911705814
76, 82: 0.403896284659
78, 103: 0.403540514879
43, 45: 0.403164715586
70, 102: 0.402835682429
22, 84: 0.402730862782
51, 58: 0.402630717688
43, 64: 0.402534659432
79, 88: 0.402521155655
73, 95: 0.402328691594
34, 54: 0.401985521189
88, 102: 0.401881922951
94, 128: 0.401168050877
62, 94: 0.401097151135
43, 69: 0.401064062411
30, 69: 0.400688704224
43, 89: 0.400652862587
21, 80: 0.40006288593
45, 53: 0.399975722889
54, 58: 0.399418779184
43, 55: 0.399317855857
63, 82: 0.39918130312
71, 83: 0.39912340246
54, 72: 0.398291952162
76, 104: 0.398022256242
44, 94: 0.39773289105
55, 130: 0.397615542148
50, 60: 0.396689551522
41, 62: 0.396403908376
59, 73: 0.396350495246
21, 88: 0.396188664492
32, 76: 0.395896507129
55, 73: 0.395283141986
81, 87: 0.395182409936
50, 56: 0.394593548014
42, 76: 0.394555110985
70, 81: 0.394518294976
37, 41: 0.394241508058
37, 91: 0.394052271653
40, 88: 0.39368003345
41, 53: 0.393419124419
41, 57: 0.393373343371
48, 130: 0.393327645349
28, 90: 0.393299171268
57, 80: 0.393047012683
22, 28: 0.39240723879
86, 99: 0.392398636529
26, 63: 0.392350919967
45, 80: 0.39178831464
67, 69: 0.391728473585
37, 69: 0.391723249106
58, 98: 0.391511305623
95, 127: 0.391498030848
28, 88: 0.391478752749
21, 56: 0.391050571392
51, 73: 0.39085372628
59, 69: 0.390113545655
33, 60: 0.389927830338
90, 98: 0.389825749137
70, 78: 0.389091343256
51, 70: 0.388977521434
53, 100: 0.388947283449
94, 99: 0.388684830656
43, 75: 0.388210048244
76, 99: 0.388166813744
63, 84: 0.38810599262
90, 91: 0.388067217256
22, 57: 0.387490098163
20, 90: 0.387403680109
69, 87: 0.387352521739
20, 70: 0.38733985534
75, 88: 0.38730711335
69, 127: 0.387201375767
75, 94: 0.386798120708
38, 50: 0.38669869543
53, 67: 0.386454217285
30, 56: 0.38601446353
76, 91: 0.385759577671
35, 88: 0.385518964663
42, 94: 0.385259469095
58, 70: 0.385153065431
49, 90: 0.384496810459
20, 130: 0.384427677326
37, 59: 0.38429629785
25, 76: 0.384261256324
50, 88: 0.384180426181
58, 90: 0.384028055938
51, 75: 0.384005687949
50, 62: 0.383808982231
27, 130: 0.383742193982
22, 95: 0.383500537364
41, 63: 0.383321515087
47, 53: 0.382937576157
82, 130: 0.382803178829
56, 105: 0.382472724673
100, 103: 0.381879428283
40, 94: 0.38180106207
25, 94: 0.381578100372
64, 94: 0.381351813778
33, 86: 0.381159332619
64, 83: 0.38111813663
23, 47: 0.380914641204
22, 31: 0.380389790754
57, 90: 0.380338141709
76, 89: 0.379746196125
72, 76: 0.379020170885
67, 96: 0.378523628078
62, 127: 0.378519332534
35, 56: 0.378053385343
33, 56: 0.377887097474
66, 76: 0.377886804253
21, 69: 0.377781931701
62, 90: 0.377539960422
47, 103: 0.377416825966
41, 80: 0.377094673625
63, 66: 0.377083687255
24, 98: 0.376941594094
81, 86: 0.376623059654
90, 127: 0.376374268168
86, 100: 0.376087655988
50, 90: 0.375894087761
23, 90: 0.375735058842
63, 73: 0.375585976699
79, 130: 0.375370372636
47, 98: 0.375234290041
77, 127: 0.375127208399
33, 130: 0.375009374073
70, 95: 0.374304568485
90, 96: 0.37414476429
51, 130: 0.373882884734
45, 98: 0.373828680197
55, 86: 0.373311014657
41, 50: 0.373161979
38, 67: 0.3724566261
47, 54: 0.372453940619
34, 76: 0.372393360686
40, 130: 0.372295917627
51, 98: 0.372138090276
31, 90: 0.372059303608
28, 51: 0.371534024569
21, 105: 0.371306818635
79, 96: 0.371293717847
70, 130: 0.371184213512
54, 67: 0.370976560181
22, 127: 0.3704457615
78, 90: 0.370111941099
83, 105: 0.369961918816
33, 73: 0.369731743532
63, 72: 0.369685643425
84, 90: 0.369527096564
98, 127: 0.369463252495
56, 80: 0.36934395066
21, 55: 0.368967340866
41, 102: 0.36858110312
61, 63: 0.36855192551
89, 95: 0.368381739142
87, 127: 0.368054227345
44, 63: 0.368002833332
47, 73: 0.36790583761
32, 94: 0.36782100449
28, 130: 0.367227650218
34, 94: 0.367112183222
72, 88: 0.366905832331
26, 90: 0.366890141687
28, 127: 0.366875931918
49, 73: 0.366702563814
21, 37: 0.366551886495
54, 60: 0.36654059346
54, 75: 0.36612366471
58, 130: 0.366094406153
63, 89: 0.365848575498
41, 49: 0.365623500163
29, 41: 0.365571119271
88, 94: 0.36503817958
41, 127: 0.364639699119
76, 77: 0.3642115951
39, 54: 0.364150245978
67, 76: 0.364093123237
38, 51: 0.363541062807
45, 83: 0.363317655876
37, 86: 0.363174814793
70, 76: 0.363103369564
51, 89: 0.363045113794
52, 90: 0.362892190203
56, 94: 0.362677967044
29, 76: 0.361858340702
23, 55: 0.361690728455
53, 62: 0.361444330006
33, 51: 0.36117856755
22, 43: 0.360725571852
45, 55: 0.360720470366
70, 79: 0.360576975672
51, 82: 0.360348994997
33, 90: 0.360328486228
63, 97: 0.359973383657
42, 70: 0.359862069373
20, 127: 0.359854326997
47, 76: 0.359795085255
36, 76: 0.359747397332
55, 96: 0.359687065623
41, 54: 0.359138325772
49, 50: 0.358986262532
21, 71: 0.358578131206
70, 75: 0.358451079268
45, 88: 0.358114373587
54, 82: 0.357950074742
21, 98: 0.357780547033
60, 98: 0.357740856138
76, 101: 0.35726194557
48, 63: 0.357182656006
38, 94: 0.357063878492
23, 43: 0.356018443566
55, 83: 0.355967412218
35, 94: 0.355686713033
69, 98: 0.355377711708
50, 59: 0.354910208097
65, 76: 0.354827894294
59, 87: 0.354543683014
75, 87: 0.354294980078
37, 55: 0.354228119874
87, 103: 0.354166781566
41, 98: 0.354153079887
81, 94: 0.353645792344
45, 73: 0.353568874532
59, 127: 0.353231974827
70, 105: 0.353094651866
49, 94: 0.35285898906
50, 75: 0.352755393092
90, 102: 0.352272063286
52, 76: 0.351874070779
26, 76: 0.351844198858
41, 90: 0.351432183046
37, 98: 0.351351182906
45, 103: 0.351091584174
57, 103: 0.351049168986
83, 87: 0.350865543852
56, 79: 0.350688759485
54, 62: 0.350601621645
21, 57: 0.350279837437
61, 94: 0.350090139402
61, 90: 0.349992308479
38, 127: 0.349727689313
72, 94: 0.349561906273
67, 90: 0.349400253504
52, 98: 0.349217912762
33, 55: 0.34871420866
82, 98: 0.348432172781
55, 88: 0.347898545791
48, 76: 0.347874972813
80, 130: 0.347869951824
53, 56: 0.347646243714
41, 78: 0.347295887159
43, 87: 0.347122943652
61, 76: 0.346845245058
88, 104: 0.346768814256
25, 63: 0.346508215968
49, 55: 0.346204418851
70, 83: 0.345928090786
47, 70: 0.34539240601
56, 127: 0.345335160112
42, 90: 0.345308006888
38, 55: 0.344517019813
38, 47: 0.344496802728
63, 74: 0.344205763399
78, 100: 0.344019046645
63, 128: 0.343327117063
73, 79: 0.343311912233
23, 41: 0.342523206488
27, 76: 0.342471412629
57, 69: 0.342468574126
22, 62: 0.342336706395
32, 130: 0.342248688253
37, 130: 0.342079702319
29, 96: 0.341726921987
64, 70: 0.341460573804
62, 88: 0.341335109919
42, 130: 0.341174598308
45, 70: 0.340847718747
76, 80: 0.340037363802
59, 76: 0.339991172068
80, 100: 0.339558846121
83, 95: 0.339095180871
90, 99: 0.338383925983
73, 94: 0.338225239468
21, 43: 0.338085012582
90, 92: 0.338079448923
51, 100: 0.337872801168
90, 105: 0.337593643317
73, 105: 0.337515260846
32, 90: 0.33712426066
54, 98: 0.337122826555
50, 86: 0.336094012292
63, 93: 0.335761384036
77, 94: 0.335625119106
100, 105: 0.335345431279
80, 87: 0.335186873445
63, 92: 0.334793034487
41, 105: 0.334789806603
25, 90: 0.334462585236
23, 127: 0.334315068897
73, 127: 0.333749462601
96, 127: 0.333590640206
23, 62: 0.333176854637
48, 94: 0.333124904262
58, 94: 0.33251939197
95, 103: 0.332315857647
88, 105: 0.332051396776
29, 98: 0.33187374515
63, 91: 0.331358264241
53, 94: 0.331281319327
55, 90: 0.330839834373
66, 90: 0.33069664266
47, 56: 0.330679617128
56, 95: 0.330435315648
95, 100: 0.330096737097
38, 88: 0.329951604715
33, 88: 0.329845640219
24, 94: 0.329662583551
87, 96: 0.329364642642
63, 101: 0.329327651734
90, 128: 0.328284060316
22, 85: 0.328186357433
54, 103: 0.328062991637
93, 94: 0.327889150825
49, 54: 0.327768848589
74, 90: 0.327593052574
22, 98: 0.327441389204
88, 127: 0.327313012511
60, 90: 0.327287675712
50, 57: 0.326982177076
78, 88: 0.326891643343
53, 90: 0.32674207114
36, 63: 0.326712043222
87, 88: 0.326449458315
80, 90: 0.32610396774
30, 76: 0.325901790579
50, 130: 0.325641213328
34, 63: 0.325630621364
21, 87: 0.325228653295
63, 65: 0.324719770077
90, 93: 0.324629470171
74, 76: 0.324377993397
21, 59: 0.324175871426
55, 63: 0.323896830857
57, 83: 0.323604259202
56, 87: 0.323243294729
45, 81: 0.322954421135
44, 76: 0.322782382819
29, 73: 0.322532622328
129, 130: 0.322007375868
126, 130: 0.322007375868
65, 90: 0.32185305534
72, 90: 0.321839246363
38, 62: 0.32168865166
50, 95: 0.321371221538
34, 90: 0.320179010286
33, 87: 0.319997799111
41, 47: 0.319857380506
69, 81: 0.31973815274
43, 103: 0.319653286307
37, 70: 0.319637333466
22, 82: 0.319434027334
43, 51: 0.319400286706
58, 88: 0.319219713915
47, 83: 0.318281726965
36, 90: 0.317680333291
32, 54: 0.317510188603
41, 67: 0.317357312728
84, 130: 0.317309891701
43, 56: 0.317004818255
55, 81: 0.316752700784
59, 83: 0.316510788473
50, 67: 0.316414525187
76, 93: 0.316275031381
22, 51: 0.316072422338
90, 101: 0.315965028793
81, 127: 0.315908503341
63, 85: 0.315690186008
46, 63: 0.31507522735
63, 99: 0.314995154311
86, 98: 0.314886011956
47, 96: 0.314682933593
53, 88: 0.314340824115
69, 96: 0.314307433915
96, 130: 0.313904033366
97, 130: 0.313777671727
76, 128: 0.313365397104
53, 71: 0.312483518346
46, 50: 0.312142763803
83, 127: 0.311977431001
40, 76: 0.311348999657
47, 50: 0.311343800151
49, 103: 0.311059879609
81, 130: 0.31104426851
41, 45: 0.311030782102
49, 70: 0.310663372044
51, 56: 0.310632922457
85, 130: 0.310413877655
50, 64: 0.3103529048
22, 100: 0.30998743539
85, 90: 0.309865302933
88, 100: 0.309716520772
89, 90: 0.309015577831
128, 130: 0.308931973678
79, 90: 0.308905241653
50, 127: 0.308899163393
51, 69: 0.308490526717
22, 91: 0.308414632368
27, 90: 0.308033458916
90, 97: 0.307853694407
30, 88: 0.307613077375
23, 105: 0.30727700746
56, 90: 0.306973043619
45, 76: 0.306828828454
24, 90: 0.306634719965
37, 88: 0.306482807218
20, 41: 0.306341424697
33, 76: 0.306213294822
59, 86: 0.306132919317
57, 73: 0.305446383856
21, 50: 0.304777967225
82, 127: 0.304415188397
21, 67: 0.303449429445
46, 76: 0.303338952777
23, 71: 0.303199681499
63, 81: 0.303123619755
48, 90: 0.302482530997
44, 130: 0.302086794075
67, 83: 0.302055409496
37, 53: 0.30189226308
23, 37: 0.30153493501
103, 130: 0.301073631759
41, 95: 0.30075897744
81, 88: 0.300471179023
57, 130: 0.300447572224
23, 58: 0.300326095604
53, 80: 0.30020053725
20, 23: 0.300184858376
23, 80: 0.299547983795
63, 103: 0.299454378694
69, 94: 0.299274753675
45, 94: 0.299249417633
90, 104: 0.299225538488
62, 70: 0.298890429946
77, 88: 0.298766523981
24, 63: 0.298762393587
94, 98: 0.298276955161
53, 77: 0.297883350566
50, 100: 0.297716519435
70, 94: 0.297231746749
63, 83: 0.296999022861
22, 97: 0.296770018539
54, 70: 0.296661813423
39, 76: 0.296257270298
52, 94: 0.295667400073
20, 53: 0.295495880442
33, 53: 0.294992171396
55, 103: 0.294415774549
23, 33: 0.293948409496
23, 81: 0.293837032131
75, 76: 0.293132029191
23, 29: 0.291328161265
53, 58: 0.291244849761
41, 43: 0.291136317488
35, 76: 0.290761234809
23, 78: 0.290556966522
88, 129: 0.290081242749
88, 126: 0.290081242749
76, 83: 0.28882119631
99, 130: 0.2886365981
55, 67: 0.288527867919
23, 77: 0.288373196831
22, 56: 0.288337524166
90, 100: 0.288025232156
23, 28: 0.287945085479
24, 53: 0.286556508548
50, 104: 0.286137617323
50, 87: 0.285029869394
43, 86: 0.284969159542
71, 73: 0.284864178678
23, 91: 0.284591925198
41, 55: 0.283946819487
72, 130: 0.283891276368
77, 90: 0.283334706905
53, 81: 0.283156732743
67, 88: 0.282968438248
57, 76: 0.28182834955
75, 130: 0.281430904
53, 89: 0.28110616514
23, 24: 0.281067824955
103, 127: 0.280976420024
38, 130: 0.280750137034
23, 102: 0.280391569195
23, 31: 0.279486647737
29, 53: 0.279339419049
23, 89: 0.279105368265
67, 103: 0.278695527867
43, 76: 0.27866158003
23, 52: 0.277496921779
22, 54: 0.276845219325
59, 94: 0.276648931148
53, 84: 0.276619820097
23, 75: 0.276334978362
38, 76: 0.276090331901
31, 53: 0.275699020589
26, 53: 0.275487682522
41, 79: 0.275221326685
23, 42: 0.27508890713
23, 46: 0.27477919733
46, 53: 0.274241740144
50, 98: 0.273965332313
64, 69: 0.273750441624
49, 56: 0.273728100928
55, 127: 0.273585394539
21, 45: 0.273474078332
47, 130: 0.272828614204
52, 53: 0.272492920042
21, 22: 0.272212970147
83, 90: 0.272164430959
23, 64: 0.271790199412
47, 129: 0.271607298705
47, 126: 0.271607298705
21, 70: 0.271140555518
76, 98: 0.271036693808
76, 92: 0.270337657801
40, 90: 0.268938183682
50, 76: 0.268880077365
23, 61: 0.26884151112
23, 26: 0.268795067582
63, 127: 0.268547524541
44, 90: 0.267904539948
23, 44: 0.267761455359
21, 54: 0.267333124065
30, 90: 0.267034354647
23, 92: 0.266975337973
39, 63: 0.266770384989
23, 84: 0.266285130698
30, 53: 0.266169291124
23, 35: 0.266167003028
23, 39: 0.265659903061
56, 130: 0.265540468489
54, 89: 0.265103510525
23, 32: 0.264992599497
21, 95: 0.264507696291
23, 99: 0.264009819642
44, 53: 0.263818518306
50, 94: 0.26369036075
52, 63: 0.263327624695
51, 76: 0.262852845886
76, 105: 0.262262762701
46, 94: 0.262157742651
55, 129: 0.261687482847
55, 126: 0.261687482847
63, 69: 0.261615682506
23, 25: 0.260905166467
53, 61: 0.260478367797
63, 98: 0.260325952333
23, 66: 0.2603072903
23, 34: 0.260202965652
69, 95: 0.259952859173
53, 69: 0.259822979234
23, 128: 0.259739403439
39, 53: 0.25937255644
43, 130: 0.258658902046
59, 103: 0.258332788473
53, 92: 0.258131802655
51, 54: 0.258021497432
23, 93: 0.256978483604
51, 63: 0.25694801962
35, 53: 0.25686122165
22, 38: 0.256685293668
42, 53: 0.256422662745
53, 70: 0.255849789183
32, 53: 0.255011525861
69, 129: 0.254702772622
69, 126: 0.254702772622
23, 27: 0.253916360787
23, 74: 0.253818893965
79, 94: 0.253562759055
23, 54: 0.253556758354
23, 101: 0.252751216955
23, 65: 0.252368521246
91, 94: 0.252194483193
23, 48: 0.252193975542
53, 99: 0.252078379672
73, 78: 0.251853282286
60, 94: 0.251720672242
23, 36: 0.250963429855
56, 67: 0.250911437314
71, 88: 0.250782849943
37, 90: 0.250313161485
43, 73: 0.250175683181
25, 53: 0.250110140754
51, 83: 0.250024817122
70, 127: 0.249813426413
87, 129: 0.249092304228
87, 126: 0.249092304228
59, 63: 0.248973371724
20, 88: 0.248804357592
53, 66: 0.248342347647
47, 88: 0.247592154136
62, 63: 0.245499005039
38, 63: 0.245245471253
31, 88: 0.245060085825
71, 94: 0.24470202153
21, 90: 0.244455056836
23, 130: 0.244029580966
127, 129: 0.243982055722
126, 127: 0.243982055722
64, 88: 0.24379080899
63, 100: 0.243723194705
53, 65: 0.243231243563
23, 40: 0.243144260107
43, 129: 0.242432172843
43, 126: 0.242432172843
53, 93: 0.242422150221
53, 72: 0.242229411949
81, 90: 0.242177368936
41, 51: 0.241768956764
21, 53: 0.241247288579
60, 76: 0.240695797914
49, 129: 0.240694450416
49, 126: 0.240694450416
92, 94: 0.240599403297
76, 95: 0.240342163772
41, 129: 0.240222265518
41, 126: 0.240222265518
34, 53: 0.240152316931
37, 94: 0.240115772774
29, 90: 0.240091106616
23, 67: 0.239298259785
21, 129: 0.239064164645
21, 126: 0.239064164645
58, 76: 0.238803795654
23, 98: 0.23793207742
53, 101: 0.237877137859
37, 76: 0.237616834776
36, 53: 0.237212260523
63, 80: 0.237194872227
29, 94: 0.236497849227
74, 94: 0.236222511177
54, 104: 0.235941242053
53, 86: 0.235657567149
23, 88: 0.235148977188
51, 53: 0.235065731957
50, 53: 0.234945817223
23, 45: 0.23490299038
27, 53: 0.234657865646
48, 53: 0.234056042442
76, 90: 0.233776058483
20, 94: 0.232515620143
22, 23: 0.231603125569
53, 73: 0.230927126582
69, 130: 0.229311731777
23, 100: 0.228997597714
94, 102: 0.227917443594
45, 63: 0.22735251449
21, 51: 0.226892524253
53, 79: 0.226618710315
62, 129: 0.225669696442
62, 126: 0.225669696442
82, 90: 0.225355827744
53, 54: 0.224662117173
86, 90: 0.224611981728
73, 90: 0.224602136266
63, 95: 0.224314133301
26, 130: 0.223225539519
76, 96: 0.222411570154
53, 103: 0.222408590046
76, 81: 0.220560378647
63, 94: 0.220017338935
105, 129: 0.219738217383
105, 126: 0.219738217383
50, 51: 0.219090644889
58, 129: 0.219086101119
58, 126: 0.219086101119
63, 64: 0.218692544209
21, 23: 0.21792273814
22, 33: 0.217472446363
23, 69: 0.217181761173
38, 45: 0.217153819104
79, 129: 0.216988765731
79, 126: 0.216988765731
63, 77: 0.216753271847
23, 79: 0.216692150409
45, 75: 0.216537011238
38, 90: 0.216003095336
73, 129: 0.215298702792
73, 126: 0.215298702792
23, 49: 0.21500606774
76, 94: 0.214620276916
51, 103: 0.214313593705
37, 129: 0.214295823933
37, 126: 0.214295823933
60, 129: 0.214268997489
60, 126: 0.214268997489
67, 73: 0.214258923227
23, 59: 0.214227259829
88, 96: 0.213416175978
67, 130: 0.213208325025
53, 82: 0.21244643794
71, 129: 0.212445221352
71, 126: 0.212445221352
20, 129: 0.212136121724
20, 126: 0.212136121724
78, 129: 0.211612632843
78, 126: 0.211612632843
31, 63: 0.211398335547
29, 129: 0.211263039646
29, 126: 0.211263039646
57, 88: 0.21103902916
75, 90: 0.210939177876
90, 95: 0.210747354984
103, 129: 0.210624248322
103, 126: 0.210624248322
80, 129: 0.210550038334
80, 126: 0.210550038334
88, 98: 0.210477030873
63, 87: 0.210136192716
33, 129: 0.209935309964
33, 126: 0.209935309964
82, 129: 0.20962244092
82, 126: 0.20962244092
54, 90: 0.209407717757
51, 88: 0.208118812225
23, 87: 0.207625153467
81, 129: 0.205284896211
81, 126: 0.205284896211
39, 90: 0.204702188605
90, 130: 0.20437311383
31, 129: 0.203625310615
31, 126: 0.203625310615
23, 57: 0.203501890445
28, 63: 0.203389854292
87, 130: 0.202813833173
62, 76: 0.202588788628
76, 103: 0.202328839039
49, 130: 0.202293134101
97, 129: 0.202075350834
97, 126: 0.202075350834
28, 129: 0.201848213211
28, 126: 0.201848213211
23, 72: 0.201301536355
89, 129: 0.200905954092
89, 126: 0.200905954092
52, 129: 0.200499115732
52, 126: 0.200499115732
77, 129: 0.200224235845
77, 126: 0.200224235845
102, 129: 0.199978382523
102, 126: 0.199978382523
53, 85: 0.199631006434
35, 90: 0.199474463178
20, 63: 0.199314850619
91, 129: 0.199286212416
91, 126: 0.199286212416
54, 83: 0.199252039306
54, 86: 0.199212854417
46, 129: 0.19832770837
46, 126: 0.19832770837
42, 129: 0.197113330767
42, 126: 0.197113330767
41, 87: 0.197044048479
23, 56: 0.196487278518
53, 97: 0.196428073498
43, 94: 0.195966174843
92, 129: 0.195840689726
92, 126: 0.195840689726
43, 53: 0.195567832494
64, 129: 0.195282987342
64, 126: 0.195282987342
22, 59: 0.19506620681
61, 129: 0.194817754279
61, 126: 0.194817754279
24, 129: 0.194699473178
24, 126: 0.194699473178
23, 97: 0.194454916697
34, 129: 0.194327281997
34, 126: 0.194327281997
85, 129: 0.193961831519
85, 126: 0.193961831519
23, 103: 0.193904586598
23, 30: 0.193641226026
35, 129: 0.193356440036
35, 126: 0.193356440036
80, 94: 0.193287483913
23, 85: 0.193280277781
57, 94: 0.193174385403
54, 73: 0.193123161972
39, 129: 0.192839338931
39, 126: 0.192839338931
55, 94: 0.192824134655
23, 82: 0.192707577938
75, 129: 0.192296115095
75, 126: 0.192296115095
23, 73: 0.191848355247
53, 98: 0.191820008294
53, 55: 0.191746113293
23, 96: 0.191428653113
23, 60: 0.191276438157
104, 130: 0.191192247444
22, 69: 0.191160406529
84, 129: 0.191091806447
84, 126: 0.191091806447
44, 129: 0.190939867346
44, 126: 0.190939867346
24, 76: 0.190066997794
26, 129: 0.18944693672
26, 126: 0.18944693672
50, 55: 0.189411477528
43, 88: 0.188651260139
128, 129: 0.18808745055
126, 128: 0.18808745055
32, 129: 0.187925220136
32, 126: 0.187925220136
74, 129: 0.187784618466
74, 126: 0.187784618466
25, 129: 0.187677960202
25, 126: 0.187677960202
99, 129: 0.187559154738
99, 126: 0.187559154738
22, 88: 0.186350947423
93, 129: 0.185899184805
93, 126: 0.185899184805
67, 94: 0.185148122753
66, 129: 0.185034873746
66, 126: 0.185034873746
54, 100: 0.18376471917
35, 63: 0.183452852295
56, 76: 0.18290668769
101, 129: 0.182883683029
101, 126: 0.182883683029
49, 88: 0.182315217783
48, 129: 0.182293985065
48, 126: 0.182293985065
22, 53: 0.18214863561
65, 129: 0.181887173047
65, 126: 0.181887173047
27, 129: 0.181588328946
27, 126: 0.181588328946
22, 76: 0.181299083448
54, 55: 0.181121562021
76, 130: 0.180638169654
78, 94: 0.180286095687
36, 129: 0.179946265208
36, 126: 0.179946265208
45, 54: 0.179569765992
47, 94: 0.178871156447
53, 127: 0.177714875572
100, 127: 0.176830511755
21, 63: 0.176739088421
42, 63: 0.176227526381
70, 90: 0.175780600228
53, 59: 0.175541809449
51, 94: 0.174924619859
98, 103: 0.174703645853
89, 130: 0.17467775249
22, 90: 0.174468099363
51, 90: 0.174046186881
64, 76: 0.173578612576
40, 129: 0.172002433472
40, 126: 0.172002433472
28, 53: 0.171922350141
87, 90: 0.171166380542
22, 55: 0.171005086142
87, 94: 0.17058013103
53, 105: 0.170222202311
46, 90: 0.165743327715
22, 70: 0.164507327843
64, 90: 0.164443921772
43, 70: 0.162818293002
53, 91: 0.162611276409
53, 78: 0.161054550466
53, 75: 0.161023990096
22, 94: 0.159969705498
45, 130: 0.159642064547
63, 102: 0.158500755728
53, 57: 0.15782877567
53, 102: 0.156374472804
53, 64: 0.154909295098
53, 128: 0.154867284631
41, 76: 0.154500682964
40, 53: 0.153802896663
53, 96: 0.153574814726
100, 130: 0.15327931539
88, 130: 0.151919623369
53, 74: 0.15001088347
22, 41: 0.143081641633
127, 130: 0.140456582326
73, 130: 0.138061215325
30, 63: 0.136933445786
21, 130: 0.136566061989
54, 69: 0.132699339321
88, 95: 0.131913707752
54, 87: 0.131328846794
59, 88: 0.12909836697
22, 130: 0.124848870575
63, 79: 0.119240374977
94, 105: 0.117660193886
33, 63: 0.116533140167
58, 63: 0.115483810993
63, 78: 0.114911157382
49, 63: 0.113132681493
37, 63: 0.112772815912
43, 63: 0.109644475096
63, 71: 0.108446578326
23, 38: 0.106944160946
72, 129: 0.105428752812
72, 126: 0.105428752812
63, 105: 0.105404731459
90, 103: 0.104801652045
94, 127: 0.104378926136
54, 63: 0.103860806526
76, 88: 0.103847644655
54, 88: 0.102854455486
94, 95: 0.101462907509
63, 67: 0.101446972445
86, 130: 0.0992207057076
98, 130: 0.0959014679649
29, 63: 0.0958934810913
23, 83: 0.0957258934898
76, 86: 0.0949370118002
38, 53: 0.0941666220321
54, 94: 0.0940217952196
83, 130: 0.0928398778884
23, 86: 0.0886104509633
23, 51: 0.0871390912746
23, 104: 0.0869588873983
57, 129: 0.0868328481453
57, 126: 0.0868328481453
23, 95: 0.0854088841922
73, 76: 0.0845567934185
21, 76: 0.0832259618384
88, 90: 0.0826539607287
38, 129: 0.0824498002551
38, 126: 0.0824498002551
30, 129: 0.0795058395694
30, 126: 0.0795058395694
98, 129: 0.0789670387601
98, 126: 0.0789670387601
23, 50: 0.0786091763621
76, 127: 0.0769344905319
53, 83: 0.0762920253285
53, 60: 0.0750045727984
47, 63: 0.0738855733439
53, 95: 0.0719928298018
96, 129: 0.0717610163822
96, 126: 0.0717610163822
67, 129: 0.0714613880823
67, 126: 0.0714613880823
54, 76: 0.0708081595606
22, 129: 0.0690660478718
22, 126: 0.0690660478718
104, 129: 0.068824987618
104, 126: 0.068824987618
50, 63: 0.0677545272028
53, 104: 0.0663242172585
90, 94: 0.0661568756863
22, 63: 0.066124812603
59, 129: 0.0659049409503
59, 126: 0.0659049409503
49, 53: 0.065768654134
83, 129: 0.0631679694917
83, 126: 0.0631679694917
23, 70: 0.062837741902
51, 129: 0.0627892811892
51, 126: 0.0627892811892
86, 129: 0.0624521475208
86, 126: 0.0624521475208
53, 87: 0.0621386560503
45, 129: 0.0611975631257
45, 126: 0.0611975631257
100, 129: 0.0591280268366
100, 126: 0.0591280268366
95, 129: 0.0567070319995
95, 126: 0.0567070319995
70, 129: 0.0565991317872
70, 126: 0.0565991317872
50, 129: 0.0551214911087
50, 126: 0.0551214911087
23, 76: 0.0500874605642
63, 130: 0.0487180020442
23, 94: 0.0482998229064
63, 76: 0.0474137951241
56, 129: 0.046340975356
56, 126: 0.046340975356
63, 90: 0.0445273419282
94, 130: 0.0439282489558
54, 129: 0.0433593942703
54, 126: 0.0433593942703
76, 129: 0.0402718162925
76, 126: 0.0402718162925
90, 129: 0.0402367090766
90, 126: 0.0402367090766
53, 63: 0.0382890215949
53, 130: 0.0372204890855
53, 76: 0.0325089264589
23, 63: 0.0312257428223
94, 129: 0.0258179194113
94, 126: 0.0258179194113
63, 129: 0.0240148905589
63, 126: 0.0240148905589
53, 129: 0.0213625869125
53, 126: 0.0213625869125
68, 99: 0
68, 98: 0
68, 97: 0
68, 96: 0
68, 95: 0
68, 94: 0
68, 93: 0
68, 92: 0
68, 91: 0
68, 90: 0
68, 89: 0
68, 88: 0
68, 87: 0
68, 86: 0
68, 85: 0
68, 84: 0
68, 83: 0
68, 82: 0
68, 81: 0
68, 80: 0
68, 79: 0
68, 78: 0
68, 77: 0
68, 76: 0
68, 75: 0
68, 74: 0
68, 73: 0
68, 72: 0
68, 71: 0
68, 70: 0
68, 69: 0
68, 130: 0
68, 129: 0
68, 128: 0
68, 127: 0
68, 126: 0
68, 105: 0
68, 104: 0
68, 103: 0
68, 102: 0
68, 101: 0
68, 100: 0
67, 68: 0
66, 68: 0
65, 68: 0
64, 68: 0
63, 68: 0
62, 68: 0
61, 68: 0
60, 68: 0
59, 68: 0
58, 68: 0
57, 68: 0
56, 68: 0
55, 68: 0
54, 68: 0
53, 68: 0
52, 68: 0
51, 68: 0
50, 68: 0
49, 68: 0
48, 68: 0
47, 68: 0
46, 68: 0
45, 68: 0
44, 68: 0
43, 68: 0
42, 68: 0
41, 68: 0
40, 68: 0
39, 68: 0
38, 68: 0
37, 68: 0
36, 68: 0
35, 68: 0
34, 68: 0
33, 68: 0
32, 68: 0
31, 68: 0
30, 68: 0
29, 68: 0
28, 68: 0
27, 68: 0
26, 68: 0
25, 68: 0
24, 68: 0
23, 68: 0
22, 68: 0
21, 68: 0
20, 68: 0
